# JRE version: 7.0_10-b18
# Java VM: Java HotSpot(TM) 64-Bit Server VM (23.6-b04 mixed mode bsd-amd64 compressed oops)
Heap
 PSYoungGen      total 211648K, used 77151K [0x0000000149680000, 0x0000000157340000, 0x00000001647d0000)
  eden space 201984K, 33% used [0x0000000149680000,0x000000014d871bb0,0x0000000155bc0000)
  from space 9664K, 99% used [0x0000000156520000,0x0000000156e86380,0x0000000156e90000)
  to   space 4800K, 0% used [0x0000000156e90000,0x0000000156e90000,0x0000000157340000)
 ParOldGen       total 55488K, used 39147K [0x00000001133d0000, 0x0000000116a00000, 0x0000000149680000)
  object space 55488K, 70% used [0x00000001133d0000,0x0000000115a0af90,0x0000000116a00000)
 PSPermGen       total 53696K, used 53660K [0x000000010e1d0000, 0x0000000111640000, 0x00000001133d0000)
  object space 53696K, 99% used [0x000000010e1d0000,0x0000000111637010,0x0000000111640000)
GC Heap History (10 events):
Event: 20.091 GC heap before
{Heap before GC invocations=9 (full 0):
 PSYoungGen      total 91776K, used 90282K [0x0000000149680000, 0x000000014fac0000, 0x00000001647d0000)
  eden space 82624K, 100% used [0x0000000149680000,0x000000014e730000,0x000000014e730000)
  from space 9152K, 83% used [0x000000014f0b0000,0x000000014f82aae0,0x000000014f9a0000)
  to   space 9728K, 0% used [0x000000014e730000,0x000000014e730000,0x000000014f0b0000)
 ParOldGen       total 55488K, used 14373K [0x00000001133d0000, 0x0000000116a00000, 0x0000000149680000)
  object space 55488K, 25% used [0x00000001133d0000,0x00000001141d96b0,0x0000000116a00000)
 PSPermGen       total 21248K, used 18481K [0x000000010e1d0000, 0x000000010f690000, 0x00000001133d0000)
  object space 21248K, 86% used [0x000000010e1d0000,0x000000010f3dc6c0,0x000000010f690000)
Event: 20.104 GC heap after
Heap after GC invocations=9 (full 0):
 PSYoungGen      total 92352K, used 9715K [0x0000000149680000, 0x0000000153020000, 0x00000001647d0000)
  eden space 82624K, 0% used [0x0000000149680000,0x0000000149680000,0x000000014e730000)
  from space 9728K, 99% used [0x000000014e730000,0x000000014f0acf28,0x000000014f0b0000)
  to   space 12544K, 0% used [0x00000001523e0000,0x00000001523e0000,0x0000000153020000)
 ParOldGen       total 55488K, used 18173K [0x00000001133d0000, 0x0000000116a00000, 0x0000000149680000)
  object space 55488K, 32% used [0x00000001133d0000,0x000000011458f760,0x0000000116a00000)
 PSPermGen       total 21248K, used 18481K [0x000000010e1d0000, 0x000000010f690000, 0x00000001133d0000)
  object space 21248K, 86% used [0x000000010e1d0000,0x000000010f3dc6c0,0x000000010f690000)
}
Event: 20.731 GC heap before
{Heap before GC invocations=10 (full 0):
 PSYoungGen      total 92352K, used 92339K [0x0000000149680000, 0x0000000153020000, 0x00000001647d0000)
  eden space 82624K, 100% used [0x0000000149680000,0x000000014e730000,0x000000014e730000)
  from space 9728K, 99% used [0x000000014e730000,0x000000014f0acf28,0x000000014f0b0000)
  to   space 12544K, 0% used [0x00000001523e0000,0x00000001523e0000,0x0000000153020000)
 ParOldGen       total 55488K, used 18173K [0x00000001133d0000, 0x0000000116a00000, 0x0000000149680000)
  object space 55488K, 32% used [0x00000001133d0000,0x000000011458f760,0x0000000116a00000)
 PSPermGen       total 21248K, used 18628K [0x000000010e1d0000, 0x000000010f690000, 0x00000001133d0000)
  object space 21248K, 87% used [0x000000010e1d0000,0x000000010f4013e8,0x000000010f690000)
Event: 20.740 GC heap after
Heap after GC invocations=10 (full 0):
 PSYoungGen      total 143872K, used 6786K [0x0000000149680000, 0x0000000152f40000, 0x00000001647d0000)
  eden space 132224K, 0% used [0x0000000149680000,0x0000000149680000,0x00000001517a0000)
  from space 11648K, 58% used [0x00000001523e0000,0x0000000152a80a50,0x0000000152f40000)
  to   space 12096K, 0% used [0x00000001517a0000,0x00000001517a0000,0x0000000152370000)
 ParOldGen       total 55488K, used 21758K [0x00000001133d0000, 0x0000000116a00000, 0x0000000149680000)
  object space 55488K, 39% used [0x00000001133d0000,0x000000011490f888,0x0000000116a00000)
 PSPermGen       total 21248K, used 18628K [0x000000010e1d0000, 0x000000010f690000, 0x00000001133d0000)
  object space 21248K, 87% used [0x000000010e1d0000,0x000000010f4013e8,0x000000010f690000)
}
Event: 29.669 GC heap before
{Heap before GC invocations=11 (full 0):
 PSYoungGen      total 143872K, used 139010K [0x0000000149680000, 0x0000000152f40000, 0x00000001647d0000)
  eden space 132224K, 100% used [0x0000000149680000,0x00000001517a0000,0x00000001517a0000)
  from space 11648K, 58% used [0x00000001523e0000,0x0000000152a80a50,0x0000000152f40000)
  to   space 12096K, 0% used [0x00000001517a0000,0x00000001517a0000,0x0000000152370000)
 ParOldGen       total 55488K, used 21758K [0x00000001133d0000, 0x0000000116a00000, 0x0000000149680000)
  object space 55488K, 39% used [0x00000001133d0000,0x000000011490f888,0x0000000116a00000)
 PSPermGen       total 29888K, used 29851K [0x000000010e1d0000, 0x000000010ff00000, 0x00000001133d0000)
  object space 29888K, 99% used [0x000000010e1d0000,0x000000010fef6ee0,0x000000010ff00000)
Event: 29.685 GC heap after
Heap after GC invocations=11 (full 0):
 PSYoungGen      total 144320K, used 7354K [0x0000000149680000, 0x0000000157c40000, 0x00000001647d0000)
  eden space 132224K, 0% used [0x0000000149680000,0x0000000149680000,0x00000001517a0000)
  from space 12096K, 60% used [0x00000001517a0000,0x0000000151eceb10,0x0000000152370000)
  to   space 11840K, 0% used [0x00000001570b0000,0x00000001570b0000,0x0000000157c40000)
 ParOldGen       total 55488K, used 28287K [0x00000001133d0000, 0x0000000116a00000, 0x0000000149680000)
  object space 55488K, 50% used [0x00000001133d0000,0x0000000114f6ffc0,0x0000000116a00000)
 PSPermGen       total 29888K, used 29851K [0x000000010e1d0000, 0x000000010ff00000, 0x00000001133d0000)
  object space 29888K, 99% used [0x000000010e1d0000,0x000000010fef6ee0,0x000000010ff00000)
}
Event: 30.753 GC heap before
{Heap before GC invocations=12 (full 0):
 PSYoungGen      total 144320K, used 139578K [0x0000000149680000, 0x0000000157c40000, 0x00000001647d0000)
  eden space 132224K, 100% used [0x0000000149680000,0x00000001517a0000,0x00000001517a0000)
  from space 12096K, 60% used [0x00000001517a0000,0x0000000151eceb10,0x0000000152370000)
  to   space 11840K, 0% used [0x00000001570b0000,0x00000001570b0000,0x0000000157c40000)
 ParOldGen       total 55488K, used 28287K [0x00000001133d0000, 0x0000000116a00000, 0x0000000149680000)
  object space 55488K, 50% used [0x00000001133d0000,0x0000000114f6ffc0,0x0000000116a00000)
 PSPermGen       total 32384K, used 32317K [0x000000010e1d0000, 0x0000000110170000, 0x00000001133d0000)
  object space 32384K, 99% used [0x000000010e1d0000,0x000000011015f6b0,0x0000000110170000)
Event: 30.766 GC heap after
Heap after GC invocations=12 (full 0):
 PSYoungGen      total 222400K, used 6331K [0x0000000149680000, 0x0000000157b40000, 0x00000001647d0000)
  eden space 211584K, 0% used [0x0000000149680000,0x0000000149680000,0x0000000156520000)
  from space 10816K, 58% used [0x00000001570b0000,0x00000001576deda8,0x0000000157b40000)
  to   space 11328K, 0% used [0x0000000156520000,0x0000000156520000,0x0000000157030000)
 ParOldGen       total 55488K, used 33759K [0x00000001133d0000, 0x0000000116a00000, 0x0000000149680000)
  object space 55488K, 60% used [0x00000001133d0000,0x00000001154c7eb8,0x0000000116a00000)
 PSPermGen       total 32384K, used 32317K [0x000000010e1d0000, 0x0000000110170000, 0x00000001133d0000)
  object space 32384K, 99% used [0x000000010e1d0000,0x000000011015f6b0,0x0000000110170000)
}
Event: 35.147 GC heap before
{Heap before GC invocations=13 (full 0):
 PSYoungGen      total 222400K, used 217915K [0x0000000149680000, 0x0000000157b40000, 0x00000001647d0000)
  eden space 211584K, 100% used [0x0000000149680000,0x0000000156520000,0x0000000156520000)
  from space 10816K, 58% used [0x00000001570b0000,0x00000001576deda8,0x0000000157b40000)
  to   space 11328K, 0% used [0x0000000156520000,0x0000000156520000,0x0000000157030000)
 ParOldGen       total 55488K, used 33759K [0x00000001133d0000, 0x0000000116a00000, 0x0000000149680000)
  object space 55488K, 60% used [0x00000001133d0000,0x00000001154c7eb8,0x0000000116a00000)
 PSPermGen       total 48704K, used 48522K [0x000000010e1d0000, 0x0000000111160000, 0x00000001133d0000)
  object space 48704K, 99% used [0x000000010e1d0000,0x0000000111132a30,0x0000000111160000)
Event: 35.164 GC heap after
Heap after GC invocations=13 (full 0):
 PSYoungGen      total 211648K, used 9624K [0x0000000149680000, 0x0000000157340000, 0x00000001647d0000)
  eden space 201984K, 0% used [0x0000000149680000,0x0000000149680000,0x0000000155bc0000)
  from space 9664K, 99% used [0x0000000156520000,0x0000000156e86380,0x0000000156e90000)
  to   space 4800K, 0% used [0x0000000156e90000,0x0000000156e90000,0x0000000157340000)
 ParOldGen       total 55488K, used 39147K [0x00000001133d0000, 0x0000000116a00000, 0x0000000149680000)
  object space 55488K, 70% used [0x00000001133d0000,0x0000000115a0af90,0x0000000116a00000)
 PSPermGen       total 48704K, used 48522K [0x000000010e1d0000, 0x0000000111160000, 0x00000001133d0000)
  object space 48704K, 99% used [0x000000010e1d0000,0x0000000111132a30,0x0000000111160000)
}

