# JRE version: 7.0_10-b18
# Java VM: Java HotSpot(TM) 64-Bit Server VM (23.6-b04 mixed mode bsd-amd64 compressed oops)
Heap
 PSYoungGen      total 69312K, used 61199K [0x0000000141170000, 0x0000000146930000, 0x000000015c2c0000)
  eden space 60736K, 97% used [0x0000000141170000,0x0000000144b10f98,0x0000000144cc0000)
  from space 8576K, 25% used [0x0000000144cc0000,0x0000000144ee2ca0,0x0000000145520000)
  to   space 8000K, 0% used [0x0000000146160000,0x0000000146160000,0x0000000146930000)
 ParOldGen       total 71424K, used 63111K [0x000000010aec0000, 0x000000010f480000, 0x0000000141170000)
  object space 71424K, 88% used [0x000000010aec0000,0x000000010ec61e08,0x000000010f480000)
 PSPermGen       total 83968K, used 64300K [0x0000000105cc0000, 0x000000010aec0000, 0x000000010aec0000)
  object space 83968K, 76% used [0x0000000105cc0000,0x0000000109b8b2a0,0x000000010aec0000)
GC Heap History (10 events):
Event: 114.934 GC heap before
{Heap before GC invocations=42 (full 1):
 PSYoungGen      total 48768K, used 41184K [0x0000000141170000, 0x0000000144960000, 0x000000015c2c0000)
  eden space 40896K, 99% used [0x0000000141170000,0x00000001439423d0,0x0000000143960000)
  from space 7872K, 5% used [0x00000001441b0000,0x0000000144215cf0,0x0000000144960000)
  to   space 8192K, 0% used [0x0000000143960000,0x0000000143960000,0x0000000144160000)
 ParOldGen       total 71424K, used 54194K [0x000000010aec0000, 0x000000010f480000, 0x0000000141170000)
  object space 71424K, 75% used [0x000000010aec0000,0x000000010e3ac9a0,0x000000010f480000)
 PSPermGen       total 83968K, used 60391K [0x0000000105cc0000, 0x000000010aec0000, 0x000000010aec0000)
  object space 83968K, 71% used [0x0000000105cc0000,0x00000001097b9dc0,0x000000010aec0000)
Event: 114.937 GC heap after
Heap after GC invocations=42 (full 1):
 PSYoungGen      total 49088K, used 569K [0x0000000141170000, 0x0000000145180000, 0x000000015c2c0000)
  eden space 40896K, 0% used [0x0000000141170000,0x0000000141170000,0x0000000143960000)
  from space 8192K, 6% used [0x0000000143960000,0x00000001439ee7e0,0x0000000144160000)
  to   space 7872K, 0% used [0x00000001449d0000,0x00000001449d0000,0x0000000145180000)
 ParOldGen       total 71424K, used 54210K [0x000000010aec0000, 0x000000010f480000, 0x0000000141170000)
  object space 71424K, 75% used [0x000000010aec0000,0x000000010e3b09a0,0x000000010f480000)
 PSPermGen       total 83968K, used 60391K [0x0000000105cc0000, 0x000000010aec0000, 0x000000010aec0000)
  object space 83968K, 71% used [0x0000000105cc0000,0x00000001097b9dc0,0x000000010aec0000)
}
Event: 114.948 GC heap before
{Heap before GC invocations=43 (full 1):
 PSYoungGen      total 49088K, used 41394K [0x0000000141170000, 0x0000000145180000, 0x000000015c2c0000)
  eden space 40896K, 99% used [0x0000000141170000,0x000000014394e178,0x0000000143960000)
  from space 8192K, 6% used [0x0000000143960000,0x00000001439ee7e0,0x0000000144160000)
  to   space 7872K, 0% used [0x00000001449d0000,0x00000001449d0000,0x0000000145180000)
 ParOldGen       total 71424K, used 54210K [0x000000010aec0000, 0x000000010f480000, 0x0000000141170000)
  object space 71424K, 75% used [0x000000010aec0000,0x000000010e3b09a0,0x000000010f480000)
 PSPermGen       total 83968K, used 60391K [0x0000000105cc0000, 0x000000010aec0000, 0x000000010aec0000)
  object space 83968K, 71% used [0x0000000105cc0000,0x00000001097b9dc0,0x000000010aec0000)
Event: 114.951 GC heap after
Heap after GC invocations=43 (full 1):
 PSYoungGen      total 56960K, used 601K [0x0000000141170000, 0x00000001450c0000, 0x000000015c2c0000)
  eden space 49856K, 0% used [0x0000000141170000,0x0000000141170000,0x0000000144220000)
  from space 7104K, 8% used [0x00000001449d0000,0x0000000144a66670,0x00000001450c0000)
  to   space 7488K, 0% used [0x0000000144220000,0x0000000144220000,0x0000000144970000)
 ParOldGen       total 71424K, used 54266K [0x000000010aec0000, 0x000000010f480000, 0x0000000141170000)
  object space 71424K, 75% used [0x000000010aec0000,0x000000010e3be9a0,0x000000010f480000)
 PSPermGen       total 83968K, used 60391K [0x0000000105cc0000, 0x000000010aec0000, 0x000000010aec0000)
  object space 83968K, 71% used [0x0000000105cc0000,0x00000001097b9dc0,0x000000010aec0000)
}
Event: 116.478 GC heap before
{Heap before GC invocations=44 (full 1):
 PSYoungGen      total 56960K, used 50457K [0x0000000141170000, 0x00000001450c0000, 0x000000015c2c0000)
  eden space 49856K, 100% used [0x0000000141170000,0x0000000144220000,0x0000000144220000)
  from space 7104K, 8% used [0x00000001449d0000,0x0000000144a66670,0x00000001450c0000)
  to   space 7488K, 0% used [0x0000000144220000,0x0000000144220000,0x0000000144970000)
 ParOldGen       total 71424K, used 54266K [0x000000010aec0000, 0x000000010f480000, 0x0000000141170000)
  object space 71424K, 75% used [0x000000010aec0000,0x000000010e3be9a0,0x000000010f480000)
 PSPermGen       total 83968K, used 61200K [0x0000000105cc0000, 0x000000010aec0000, 0x000000010aec0000)
  object space 83968K, 72% used [0x0000000105cc0000,0x0000000109884370,0x000000010aec0000)
Event: 116.486 GC heap after
Heap after GC invocations=44 (full 1):
 PSYoungGen      total 57344K, used 7464K [0x0000000141170000, 0x0000000145ea0000, 0x000000015c2c0000)
  eden space 49856K, 0% used [0x0000000141170000,0x0000000141170000,0x0000000144220000)
  from space 7488K, 99% used [0x0000000144220000,0x000000014496a110,0x0000000144970000)
  to   space 9152K, 0% used [0x00000001455b0000,0x00000001455b0000,0x0000000145ea0000)
 ParOldGen       total 71424K, used 54652K [0x000000010aec0000, 0x000000010f480000, 0x0000000141170000)
  object space 71424K, 76% used [0x000000010aec0000,0x000000010e41f210,0x000000010f480000)
 PSPermGen       total 83968K, used 61200K [0x0000000105cc0000, 0x000000010aec0000, 0x000000010aec0000)
  object space 83968K, 72% used [0x0000000105cc0000,0x0000000109884370,0x000000010aec0000)
}
Event: 120.113 GC heap before
{Heap before GC invocations=45 (full 1):
 PSYoungGen      total 57344K, used 57320K [0x0000000141170000, 0x0000000145ea0000, 0x000000015c2c0000)
  eden space 49856K, 100% used [0x0000000141170000,0x0000000144220000,0x0000000144220000)
  from space 7488K, 99% used [0x0000000144220000,0x000000014496a110,0x0000000144970000)
  to   space 9152K, 0% used [0x00000001455b0000,0x00000001455b0000,0x0000000145ea0000)
 ParOldGen       total 71424K, used 54652K [0x000000010aec0000, 0x000000010f480000, 0x0000000141170000)
  object space 71424K, 76% used [0x000000010aec0000,0x000000010e41f210,0x000000010f480000)
 PSPermGen       total 83968K, used 62691K [0x0000000105cc0000, 0x000000010aec0000, 0x000000010aec0000)
  object space 83968K, 74% used [0x0000000105cc0000,0x00000001099f8cc0,0x000000010aec0000)
Event: 120.120 GC heap after
Heap after GC invocations=45 (full 1):
 PSYoungGen      total 68736K, used 2719K [0x0000000141170000, 0x0000000145d80000, 0x000000015c2c0000)
  eden space 60736K, 0% used [0x0000000141170000,0x0000000141170000,0x0000000144cc0000)
  from space 8000K, 33% used [0x00000001455b0000,0x0000000145857e20,0x0000000145d80000)
  to   space 8576K, 0% used [0x0000000144cc0000,0x0000000144cc0000,0x0000000145520000)
 ParOldGen       total 71424K, used 61072K [0x000000010aec0000, 0x000000010f480000, 0x0000000141170000)
  object space 71424K, 85% used [0x000000010aec0000,0x000000010ea64188,0x000000010f480000)
 PSPermGen       total 83968K, used 62691K [0x0000000105cc0000, 0x000000010aec0000, 0x000000010aec0000)
  object space 83968K, 74% used [0x0000000105cc0000,0x00000001099f8cc0,0x000000010aec0000)
}
Event: 126.972 GC heap before
{Heap before GC invocations=46 (full 1):
 PSYoungGen      total 68736K, used 63455K [0x0000000141170000, 0x0000000145d80000, 0x000000015c2c0000)
  eden space 60736K, 100% used [0x0000000141170000,0x0000000144cc0000,0x0000000144cc0000)
  from space 8000K, 33% used [0x00000001455b0000,0x0000000145857e20,0x0000000145d80000)
  to   space 8576K, 0% used [0x0000000144cc0000,0x0000000144cc0000,0x0000000145520000)
 ParOldGen       total 71424K, used 61072K [0x000000010aec0000, 0x000000010f480000, 0x0000000141170000)
  object space 71424K, 85% used [0x000000010aec0000,0x000000010ea64188,0x000000010f480000)
 PSPermGen       total 83968K, used 64107K [0x0000000105cc0000, 0x000000010aec0000, 0x000000010aec0000)
  object space 83968K, 76% used [0x0000000105cc0000,0x0000000109b5ad20,0x000000010aec0000)
Event: 126.978 GC heap after
Heap after GC invocations=46 (full 1):
 PSYoungGen      total 69312K, used 2187K [0x0000000141170000, 0x0000000146930000, 0x000000015c2c0000)
  eden space 60736K, 0% used [0x0000000141170000,0x0000000141170000,0x0000000144cc0000)
  from space 8576K, 25% used [0x0000000144cc0000,0x0000000144ee2ca0,0x0000000145520000)
  to   space 8000K, 0% used [0x0000000146160000,0x0000000146160000,0x0000000146930000)
 ParOldGen       total 71424K, used 63111K [0x000000010aec0000, 0x000000010f480000, 0x0000000141170000)
  object space 71424K, 88% used [0x000000010aec0000,0x000000010ec61e08,0x000000010f480000)
 PSPermGen       total 83968K, used 64107K [0x0000000105cc0000, 0x000000010aec0000, 0x000000010aec0000)
  object space 83968K, 76% used [0x0000000105cc0000,0x0000000109b5ad20,0x000000010aec0000)
}

