# JRE version: 7.0_10-b18
# Java VM: Java HotSpot(TM) 64-Bit Server VM (23.6-b04 mixed mode bsd-amd64 compressed oops)
Heap
 PSYoungGen      total 277312K, used 26475K [0x00000007e4eb0000, 0x0000000800000000, 0x0000000800000000)
  eden space 260416K, 4% used [0x00000007e4eb0000,0x00000007e592c880,0x00000007f4d00000)
  from space 16896K, 93% used [0x00000007f4d00000,0x00000007f5c5e3b0,0x00000007f5d80000)
  to   space 18752K, 0% used [0x00000007fedb0000,0x00000007fedb0000,0x0000000800000000)
 ParOldGen       total 55488K, used 39773K [0x00000007aec00000, 0x00000007b2230000, 0x00000007e4eb0000)
  object space 55488K, 71% used [0x00000007aec00000,0x00000007b12d77f8,0x00000007b2230000)
 PSPermGen       total 54848K, used 54725K [0x00000007a9a00000, 0x00000007acf90000, 0x00000007aec00000)
  object space 54848K, 99% used [0x00000007a9a00000,0x00000007acf71778,0x00000007acf90000)
GC Heap History (10 events):
Event: 9.626 GC heap before
{Heap before GC invocations=7 (full 0):
 PSYoungGen      total 89280K, used 88439K [0x00000007e4eb0000, 0x00000007eabd0000, 0x0000000800000000)
  eden space 83200K, 100% used [0x00000007e4eb0000,0x00000007e9ff0000,0x00000007e9ff0000)
  from space 6080K, 86% used [0x00000007ea5e0000,0x00000007eaafde80,0x00000007eabd0000)
  to   space 6080K, 0% used [0x00000007e9ff0000,0x00000007e9ff0000,0x00000007ea5e0000)
 ParOldGen       total 55488K, used 7856K [0x00000007aec00000, 0x00000007b2230000, 0x00000007e4eb0000)
  object space 55488K, 14% used [0x00000007aec00000,0x00000007af3ac170,0x00000007b2230000)
 PSPermGen       total 21248K, used 18267K [0x00000007a9a00000, 0x00000007aaec0000, 0x00000007aec00000)
  object space 21248K, 85% used [0x00000007a9a00000,0x00000007aabd6ff0,0x00000007aaec0000)
Event: 9.636 GC heap after
Heap after GC invocations=7 (full 0):
 PSYoungGen      total 89280K, used 6052K [0x00000007e4eb0000, 0x00000007f0350000, 0x0000000800000000)
  eden space 83200K, 0% used [0x00000007e4eb0000,0x00000007e4eb0000,0x00000007e9ff0000)
  from space 6080K, 99% used [0x00000007e9ff0000,0x00000007ea5d9348,0x00000007ea5e0000)
  to   space 9280K, 0% used [0x00000007efa40000,0x00000007efa40000,0x00000007f0350000)
 ParOldGen       total 55488K, used 13517K [0x00000007aec00000, 0x00000007b2230000, 0x00000007e4eb0000)
  object space 55488K, 24% used [0x00000007aec00000,0x00000007af9337b0,0x00000007b2230000)
 PSPermGen       total 21248K, used 18267K [0x00000007a9a00000, 0x00000007aaec0000, 0x00000007aec00000)
  object space 21248K, 85% used [0x00000007a9a00000,0x00000007aabd6ff0,0x00000007aaec0000)
}
Event: 10.468 GC heap before
{Heap before GC invocations=8 (full 0):
 PSYoungGen      total 89280K, used 89252K [0x00000007e4eb0000, 0x00000007f0350000, 0x0000000800000000)
  eden space 83200K, 100% used [0x00000007e4eb0000,0x00000007e9ff0000,0x00000007e9ff0000)
  from space 6080K, 99% used [0x00000007e9ff0000,0x00000007ea5d9348,0x00000007ea5e0000)
  to   space 9280K, 0% used [0x00000007efa40000,0x00000007efa40000,0x00000007f0350000)
 ParOldGen       total 55488K, used 13517K [0x00000007aec00000, 0x00000007b2230000, 0x00000007e4eb0000)
  object space 55488K, 24% used [0x00000007aec00000,0x00000007af9337b0,0x00000007b2230000)
 PSPermGen       total 21248K, used 18531K [0x00000007a9a00000, 0x00000007aaec0000, 0x00000007aec00000)
  object space 21248K, 87% used [0x00000007a9a00000,0x00000007aac18fa8,0x00000007aaec0000)
Event: 10.482 GC heap after
Heap after GC invocations=8 (full 0):
 PSYoungGen      total 173056K, used 9252K [0x00000007e4eb0000, 0x00000007f0870000, 0x0000000800000000)
  eden space 163776K, 0% used [0x00000007e4eb0000,0x00000007e4eb0000,0x00000007eeea0000)
  from space 9280K, 99% used [0x00000007efa40000,0x00000007f0349388,0x00000007f0350000)
  to   space 11904K, 0% used [0x00000007eeea0000,0x00000007eeea0000,0x00000007efa40000)
 ParOldGen       total 55488K, used 17185K [0x00000007aec00000, 0x00000007b2230000, 0x00000007e4eb0000)
  object space 55488K, 30% used [0x00000007aec00000,0x00000007afcc8748,0x00000007b2230000)
 PSPermGen       total 21248K, used 18531K [0x00000007a9a00000, 0x00000007aaec0000, 0x00000007aec00000)
  object space 21248K, 87% used [0x00000007a9a00000,0x00000007aac18fa8,0x00000007aaec0000)
}
Event: 17.465 GC heap before
{Heap before GC invocations=9 (full 0):
 PSYoungGen      total 173056K, used 173028K [0x00000007e4eb0000, 0x00000007f0870000, 0x0000000800000000)
  eden space 163776K, 100% used [0x00000007e4eb0000,0x00000007eeea0000,0x00000007eeea0000)
  from space 9280K, 99% used [0x00000007efa40000,0x00000007f0349388,0x00000007f0350000)
  to   space 11904K, 0% used [0x00000007eeea0000,0x00000007eeea0000,0x00000007efa40000)
 ParOldGen       total 55488K, used 17185K [0x00000007aec00000, 0x00000007b2230000, 0x00000007e4eb0000)
  object space 55488K, 30% used [0x00000007aec00000,0x00000007afcc8748,0x00000007b2230000)
 PSPermGen       total 29312K, used 29153K [0x00000007a9a00000, 0x00000007ab6a0000, 0x00000007aec00000)
  object space 29312K, 99% used [0x00000007a9a00000,0x00000007ab6784b8,0x00000007ab6a0000)
Event: 17.485 GC heap after
Heap after GC invocations=9 (full 0):
 PSYoungGen      total 175680K, used 11881K [0x00000007e4eb0000, 0x00000007f6c60000, 0x0000000800000000)
  eden space 163776K, 0% used [0x00000007e4eb0000,0x00000007e4eb0000,0x00000007eeea0000)
  from space 11904K, 99% used [0x00000007eeea0000,0x00000007efa3a408,0x00000007efa40000)
  to   space 15232K, 0% used [0x00000007f5d80000,0x00000007f5d80000,0x00000007f6c60000)
 ParOldGen       total 55488K, used 21777K [0x00000007aec00000, 0x00000007b2230000, 0x00000007e4eb0000)
  object space 55488K, 39% used [0x00000007aec00000,0x00000007b0144638,0x00000007b2230000)
 PSPermGen       total 29312K, used 29153K [0x00000007a9a00000, 0x00000007ab6a0000, 0x00000007aec00000)
  object space 29312K, 99% used [0x00000007a9a00000,0x00000007ab6784b8,0x00000007ab6a0000)
}
Event: 18.374 GC heap before
{Heap before GC invocations=10 (full 0):
 PSYoungGen      total 175680K, used 175657K [0x00000007e4eb0000, 0x00000007f6c60000, 0x0000000800000000)
  eden space 163776K, 100% used [0x00000007e4eb0000,0x00000007eeea0000,0x00000007eeea0000)
  from space 11904K, 99% used [0x00000007eeea0000,0x00000007efa3a408,0x00000007efa40000)
  to   space 15232K, 0% used [0x00000007f5d80000,0x00000007f5d80000,0x00000007f6c60000)
 ParOldGen       total 55488K, used 21777K [0x00000007aec00000, 0x00000007b2230000, 0x00000007e4eb0000)
  object space 55488K, 39% used [0x00000007aec00000,0x00000007b0144638,0x00000007b2230000)
 PSPermGen       total 32384K, used 32360K [0x00000007a9a00000, 0x00000007ab9a0000, 0x00000007aec00000)
  object space 32384K, 99% used [0x00000007a9a00000,0x00000007ab99a0e0,0x00000007ab9a0000)
Event: 18.394 GC heap after
Heap after GC invocations=10 (full 0):
 PSYoungGen      total 275648K, used 14312K [0x00000007e4eb0000, 0x00000007f6fa0000, 0x0000000800000000)
  eden space 260416K, 0% used [0x00000007e4eb0000,0x00000007e4eb0000,0x00000007f4d00000)
  from space 15232K, 93% used [0x00000007f5d80000,0x00000007f6b7a1b8,0x00000007f6c60000)
  to   space 16896K, 0% used [0x00000007f4d00000,0x00000007f4d00000,0x00000007f5d80000)
 ParOldGen       total 55488K, used 27788K [0x00000007aec00000, 0x00000007b2230000, 0x00000007e4eb0000)
  object space 55488K, 50% used [0x00000007aec00000,0x00000007b07232b0,0x00000007b2230000)
 PSPermGen       total 32384K, used 32360K [0x00000007a9a00000, 0x00000007ab9a0000, 0x00000007aec00000)
  object space 32384K, 99% used [0x00000007a9a00000,0x00000007ab99a0e0,0x00000007ab9a0000)
}
Event: 20.655 GC heap before
{Heap before GC invocations=11 (full 0):
 PSYoungGen      total 275648K, used 274728K [0x00000007e4eb0000, 0x00000007f6fa0000, 0x0000000800000000)
  eden space 260416K, 100% used [0x00000007e4eb0000,0x00000007f4d00000,0x00000007f4d00000)
  from space 15232K, 93% used [0x00000007f5d80000,0x00000007f6b7a1b8,0x00000007f6c60000)
  to   space 16896K, 0% used [0x00000007f4d00000,0x00000007f4d00000,0x00000007f5d80000)
 ParOldGen       total 55488K, used 27788K [0x00000007aec00000, 0x00000007b2230000, 0x00000007e4eb0000)
  object space 55488K, 50% used [0x00000007aec00000,0x00000007b07232b0,0x00000007b2230000)
 PSPermGen       total 53312K, used 53209K [0x00000007a9a00000, 0x00000007ace10000, 0x00000007aec00000)
  object space 53312K, 99% used [0x00000007a9a00000,0x00000007acdf6678,0x00000007ace10000)
Event: 20.682 GC heap after
Heap after GC invocations=11 (full 0):
 PSYoungGen      total 277312K, used 15736K [0x00000007e4eb0000, 0x0000000800000000, 0x0000000800000000)
  eden space 260416K, 0% used [0x00000007e4eb0000,0x00000007e4eb0000,0x00000007f4d00000)
  from space 16896K, 93% used [0x00000007f4d00000,0x00000007f5c5e3b0,0x00000007f5d80000)
  to   space 18752K, 0% used [0x00000007fedb0000,0x00000007fedb0000,0x0000000800000000)
 ParOldGen       total 55488K, used 39773K [0x00000007aec00000, 0x00000007b2230000, 0x00000007e4eb0000)
  object space 55488K, 71% used [0x00000007aec00000,0x00000007b12d77f8,0x00000007b2230000)
 PSPermGen       total 53312K, used 53209K [0x00000007a9a00000, 0x00000007ace10000, 0x00000007aec00000)
  object space 53312K, 99% used [0x00000007a9a00000,0x00000007acdf6678,0x00000007ace10000)
}

