# JRE version: 7.0_10-b18
# Java VM: Java HotSpot(TM) 64-Bit Server VM (23.6-b04 mixed mode bsd-amd64 compressed oops)
Heap
 PSYoungGen      total 314176K, used 203068K [0x00000007ea800000, 0x00000007ff210000, 0x0000000800000000)
  eden space 302400K, 63% used [0x00000007ea800000,0x00000007f62d6370,0x00000007fcf50000)
  from space 11776K, 99% used [0x00000007fddb0000,0x00000007fe928ce0,0x00000007fe930000)
  to   space 9088K, 0% used [0x00000007fe930000,0x00000007fe930000,0x00000007ff210000)
 ParOldGen       total 75648K, used 51745K [0x00000007bf800000, 0x00000007c41e0000, 0x00000007ea800000)
  object space 75648K, 68% used [0x00000007bf800000,0x00000007c2a88508,0x00000007c41e0000)
 PSPermGen       total 83968K, used 59197K [0x00000007ba600000, 0x00000007bf800000, 0x00000007bf800000)
  object space 83968K, 70% used [0x00000007ba600000,0x00000007bdfcf478,0x00000007bf800000)
GC Heap History (10 events):
Event: 17.897 GC heap before
{Heap before GC invocations=12 (full 0):
 PSYoungGen      total 219712K, used 217538K [0x00000007ea800000, 0x0000000800000000, 0x0000000800000000)
  eden space 208384K, 100% used [0x00000007ea800000,0x00000007f7380000,0x00000007f7380000)
  from space 11328K, 80% used [0x00000007f7380000,0x00000007f7c70a98,0x00000007f7e90000)
  to   space 11968K, 0% used [0x00000007ff450000,0x00000007ff450000,0x0000000800000000)
 ParOldGen       total 44032K, used 27656K [0x00000007bf800000, 0x00000007c2300000, 0x00000007ea800000)
  object space 44032K, 62% used [0x00000007bf800000,0x00000007c13020a8,0x00000007c2300000)
 PSPermGen       total 49088K, used 48906K [0x00000007ba600000, 0x00000007bd5f0000, 0x00000007bf800000)
  object space 49088K, 99% used [0x00000007ba600000,0x00000007bd5c2a30,0x00000007bd5f0000)
Event: 17.916 GC heap after
Heap after GC invocations=12 (full 0):
 PSYoungGen      total 330304K, used 11943K [0x00000007ea800000, 0x0000000800000000, 0x0000000800000000)
  eden space 318336K, 0% used [0x00000007ea800000,0x00000007ea800000,0x00000007fdee0000)
  from space 11968K, 99% used [0x00000007ff450000,0x00000007ffff9d08,0x0000000800000000)
  to   space 16960K, 0% used [0x00000007fdee0000,0x00000007fdee0000,0x00000007fef70000)
 ParOldGen       total 44032K, used 37190K [0x00000007bf800000, 0x00000007c2300000, 0x00000007ea800000)
  object space 44032K, 84% used [0x00000007bf800000,0x00000007c1c51af8,0x00000007c2300000)
 PSPermGen       total 49088K, used 48906K [0x00000007ba600000, 0x00000007bd5f0000, 0x00000007bf800000)
  object space 49088K, 99% used [0x00000007ba600000,0x00000007bd5c2a30,0x00000007bd5f0000)
}
Event: 17.916 GC heap before
{Heap before GC invocations=13 (full 1):
 PSYoungGen      total 330304K, used 11943K [0x00000007ea800000, 0x0000000800000000, 0x0000000800000000)
  eden space 318336K, 0% used [0x00000007ea800000,0x00000007ea800000,0x00000007fdee0000)
  from space 11968K, 99% used [0x00000007ff450000,0x00000007ffff9d08,0x0000000800000000)
  to   space 16960K, 0% used [0x00000007fdee0000,0x00000007fdee0000,0x00000007fef70000)
 ParOldGen       total 44032K, used 37190K [0x00000007bf800000, 0x00000007c2300000, 0x00000007ea800000)
  object space 44032K, 84% used [0x00000007bf800000,0x00000007c1c51af8,0x00000007c2300000)
 PSPermGen       total 49088K, used 48906K [0x00000007ba600000, 0x00000007bd5f0000, 0x00000007bf800000)
  object space 49088K, 99% used [0x00000007ba600000,0x00000007bd5c2a30,0x00000007bd5f0000)
Event: 18.111 GC heap after
Heap after GC invocations=13 (full 1):
 PSYoungGen      total 330304K, used 0K [0x00000007ea800000, 0x0000000800000000, 0x0000000800000000)
  eden space 318336K, 0% used [0x00000007ea800000,0x00000007ea800000,0x00000007fdee0000)
  from space 11968K, 0% used [0x00000007ff450000,0x00000007ff450000,0x0000000800000000)
  to   space 16960K, 0% used [0x00000007fdee0000,0x00000007fdee0000,0x00000007fef70000)
 ParOldGen       total 75648K, used 42580K [0x00000007bf800000, 0x00000007c41e0000, 0x00000007ea800000)
  object space 75648K, 56% used [0x00000007bf800000,0x00000007c2195108,0x00000007c41e0000)
 PSPermGen       total 83968K, used 48886K [0x00000007ba600000, 0x00000007bf800000, 0x00000007bf800000)
  object space 83968K, 58% used [0x00000007ba600000,0x00000007bd5bd808,0x00000007bf800000)
}
Event: 22.383 GC heap before
{Heap before GC invocations=14 (full 1):
 PSYoungGen      total 330304K, used 318336K [0x00000007ea800000, 0x0000000800000000, 0x0000000800000000)
  eden space 318336K, 100% used [0x00000007ea800000,0x00000007fdee0000,0x00000007fdee0000)
  from space 11968K, 0% used [0x00000007ff450000,0x00000007ff450000,0x0000000800000000)
  to   space 16960K, 0% used [0x00000007fdee0000,0x00000007fdee0000,0x00000007fef70000)
 ParOldGen       total 75648K, used 42580K [0x00000007bf800000, 0x00000007c41e0000, 0x00000007ea800000)
  object space 75648K, 56% used [0x00000007bf800000,0x00000007c2195108,0x00000007c41e0000)
 PSPermGen       total 83968K, used 57361K [0x00000007ba600000, 0x00000007bf800000, 0x00000007bf800000)
  object space 83968K, 68% used [0x00000007ba600000,0x00000007bde04410,0x00000007bf800000)
Event: 22.400 GC heap after
Heap after GC invocations=14 (full 1):
 PSYoungGen      total 330560K, used 12174K [0x00000007ea800000, 0x0000000800000000, 0x0000000800000000)
  eden space 318336K, 0% used [0x00000007ea800000,0x00000007ea800000,0x00000007fdee0000)
  from space 12224K, 99% used [0x00000007fdee0000,0x00000007feac38a0,0x00000007fead0000)
  to   space 17664K, 0% used [0x00000007feec0000,0x00000007feec0000,0x0000000800000000)
 ParOldGen       total 75648K, used 42580K [0x00000007bf800000, 0x00000007c41e0000, 0x00000007ea800000)
  object space 75648K, 56% used [0x00000007bf800000,0x00000007c2195108,0x00000007c41e0000)
 PSPermGen       total 83968K, used 57361K [0x00000007ba600000, 0x00000007bf800000, 0x00000007bf800000)
  object space 83968K, 68% used [0x00000007ba600000,0x00000007bde04410,0x00000007bf800000)
}
Event: 105.966 GC heap before
{Heap before GC invocations=15 (full 1):
 PSYoungGen      total 330560K, used 330510K [0x00000007ea800000, 0x0000000800000000, 0x0000000800000000)
  eden space 318336K, 100% used [0x00000007ea800000,0x00000007fdee0000,0x00000007fdee0000)
  from space 12224K, 99% used [0x00000007fdee0000,0x00000007feac38a0,0x00000007fead0000)
  to   space 17664K, 0% used [0x00000007feec0000,0x00000007feec0000,0x0000000800000000)
 ParOldGen       total 75648K, used 42580K [0x00000007bf800000, 0x00000007c41e0000, 0x00000007ea800000)
  object space 75648K, 56% used [0x00000007bf800000,0x00000007c2195108,0x00000007c41e0000)
 PSPermGen       total 83968K, used 58825K [0x00000007ba600000, 0x00000007bf800000, 0x00000007bf800000)
  object space 83968K, 70% used [0x00000007ba600000,0x00000007bdf72610,0x00000007bf800000)
Event: 105.986 GC heap after
Heap after GC invocations=15 (full 1):
 PSYoungGen      total 334784K, used 10216K [0x00000007ea800000, 0x0000000800000000, 0x0000000800000000)
  eden space 317120K, 0% used [0x00000007ea800000,0x00000007ea800000,0x00000007fddb0000)
  from space 17664K, 57% used [0x00000007feec0000,0x00000007ff8ba2e8,0x0000000800000000)
  to   space 17472K, 0% used [0x00000007fddb0000,0x00000007fddb0000,0x00000007feec0000)
 ParOldGen       total 75648K, used 51745K [0x00000007bf800000, 0x00000007c41e0000, 0x00000007ea800000)
  object space 75648K, 68% used [0x00000007bf800000,0x00000007c2a88508,0x00000007c41e0000)
 PSPermGen       total 83968K, used 58825K [0x00000007ba600000, 0x00000007bf800000, 0x00000007bf800000)
  object space 83968K, 70% used [0x00000007ba600000,0x00000007bdf72610,0x00000007bf800000)
}
Event: 514.742 GC heap before
{Heap before GC invocations=16 (full 1):
 PSYoungGen      total 334784K, used 327288K [0x00000007ea800000, 0x0000000800000000, 0x0000000800000000)
  eden space 317120K, 99% used [0x00000007ea800000,0x00000007fdda3ec8,0x00000007fddb0000)
  from space 17664K, 57% used [0x00000007feec0000,0x00000007ff8ba2e8,0x0000000800000000)
  to   space 17472K, 0% used [0x00000007fddb0000,0x00000007fddb0000,0x00000007feec0000)
 ParOldGen       total 75648K, used 51745K [0x00000007bf800000, 0x00000007c41e0000, 0x00000007ea800000)
  object space 75648K, 68% used [0x00000007bf800000,0x00000007c2a88508,0x00000007c41e0000)
 PSPermGen       total 83968K, used 59132K [0x00000007ba600000, 0x00000007bf800000, 0x00000007bf800000)
  object space 83968K, 70% used [0x00000007ba600000,0x00000007bdfbf1f0,0x00000007bf800000)
Event: 514.751 GC heap after
Heap after GC invocations=16 (full 1):
 PSYoungGen      total 314176K, used 11747K [0x00000007ea800000, 0x00000007ff210000, 0x0000000800000000)
  eden space 302400K, 0% used [0x00000007ea800000,0x00000007ea800000,0x00000007fcf50000)
  from space 11776K, 99% used [0x00000007fddb0000,0x00000007fe928ce0,0x00000007fe930000)
  to   space 9088K, 0% used [0x00000007fe930000,0x00000007fe930000,0x00000007ff210000)
 ParOldGen       total 75648K, used 51745K [0x00000007bf800000, 0x00000007c41e0000, 0x00000007ea800000)
  object space 75648K, 68% used [0x00000007bf800000,0x00000007c2a88508,0x00000007c41e0000)
 PSPermGen       total 83968K, used 59132K [0x00000007ba600000, 0x00000007bf800000, 0x00000007bf800000)
  object space 83968K, 70% used [0x00000007ba600000,0x00000007bdfbf1f0,0x00000007bf800000)
}

