# JRE version: 7.0_10-b18
# Java VM: Java HotSpot(TM) 64-Bit Server VM (23.6-b04 mixed mode bsd-amd64 compressed oops)
Heap
 PSYoungGen      total 310528K, used 125800K [0x00000001437c0000, 0x000000015ada0000, 0x000000015edc0000)
  eden space 302080K, 38% used [0x00000001437c0000,0x000000014aa63080,0x0000000155ec0000)
  from space 8448K, 99% used [0x0000000158840000,0x0000000159077170,0x0000000159080000)
  to   space 22592K, 0% used [0x0000000159790000,0x0000000159790000,0x000000015ada0000)
 ParOldGen       total 107008K, used 58790K [0x000000010cbc0000, 0x0000000113440000, 0x00000001437c0000)
  object space 107008K, 54% used [0x000000010cbc0000,0x0000000110529ae0,0x0000000113440000)
 PSPermGen       total 71360K, used 71271K [0x00000001079c0000, 0x000000010bf70000, 0x000000010cbc0000)
  object space 71360K, 99% used [0x00000001079c0000,0x000000010bf59db8,0x000000010bf70000)
GC Heap History (10 events):
Event: 19209.320 GC heap before
{Heap before GC invocations=16 (full 1):
 PSYoungGen      total 401984K, used 401936K [0x00000001437c0000, 0x000000015e950000, 0x000000015edc0000)
  eden space 381376K, 100% used [0x00000001437c0000,0x000000015ac30000,0x000000015ac30000)
  from space 20608K, 99% used [0x000000015d530000,0x000000015e944128,0x000000015e950000)
  to   space 25856K, 0% used [0x000000015b6d0000,0x000000015b6d0000,0x000000015d010000)
 ParOldGen       total 107008K, used 58790K [0x000000010cbc0000, 0x0000000113440000, 0x00000001437c0000)
  object space 107008K, 54% used [0x000000010cbc0000,0x0000000110529ae0,0x0000000113440000)
 PSPermGen       total 71360K, used 71209K [0x00000001079c0000, 0x000000010bf70000, 0x000000010cbc0000)
  object space 71360K, 99% used [0x00000001079c0000,0x000000010bf4a700,0x000000010bf70000)
Event: 19209.333 GC heap after
Heap after GC invocations=16 (full 1):
 PSYoungGen      total 378368K, used 14502K [0x00000001437c0000, 0x000000015d540000, 0x000000015edc0000)
  eden space 363840K, 0% used [0x00000001437c0000,0x00000001437c0000,0x0000000159b10000)
  from space 14528K, 99% used [0x000000015b6d0000,0x000000015c4f9b48,0x000000015c500000)
  to   space 16640K, 0% used [0x000000015c500000,0x000000015c500000,0x000000015d540000)
 ParOldGen       total 107008K, used 58790K [0x000000010cbc0000, 0x0000000113440000, 0x00000001437c0000)
  object space 107008K, 54% used [0x000000010cbc0000,0x0000000110529ae0,0x0000000113440000)
 PSPermGen       total 71360K, used 71209K [0x00000001079c0000, 0x000000010bf70000, 0x000000010cbc0000)
  object space 71360K, 99% used [0x00000001079c0000,0x000000010bf4a700,0x000000010bf70000)
}
Event: 34629.782 GC heap before
{Heap before GC invocations=17 (full 1):
 PSYoungGen      total 378368K, used 378342K [0x00000001437c0000, 0x000000015d540000, 0x000000015edc0000)
  eden space 363840K, 100% used [0x00000001437c0000,0x0000000159b10000,0x0000000159b10000)
  from space 14528K, 99% used [0x000000015b6d0000,0x000000015c4f9b48,0x000000015c500000)
  to   space 16640K, 0% used [0x000000015c500000,0x000000015c500000,0x000000015d540000)
 ParOldGen       total 107008K, used 58790K [0x000000010cbc0000, 0x0000000113440000, 0x00000001437c0000)
  object space 107008K, 54% used [0x000000010cbc0000,0x0000000110529ae0,0x0000000113440000)
 PSPermGen       total 71360K, used 71212K [0x00000001079c0000, 0x000000010bf70000, 0x000000010cbc0000)
  object space 71360K, 99% used [0x00000001079c0000,0x000000010bf4b0d8,0x000000010bf70000)
Event: 34629.797 GC heap after
Heap after GC invocations=17 (full 1):
 PSYoungGen      total 355520K, used 8313K [0x00000001437c0000, 0x000000015cd20000, 0x000000015edc0000)
  eden space 347200K, 0% used [0x00000001437c0000,0x00000001437c0000,0x0000000158ad0000)
  from space 8320K, 99% used [0x000000015c500000,0x000000015cd1e6a0,0x000000015cd20000)
  to   space 24768K, 0% used [0x0000000159cc0000,0x0000000159cc0000,0x000000015b4f0000)
 ParOldGen       total 107008K, used 58790K [0x000000010cbc0000, 0x0000000113440000, 0x00000001437c0000)
  object space 107008K, 54% used [0x000000010cbc0000,0x0000000110529ae0,0x0000000113440000)
 PSPermGen       total 71360K, used 71212K [0x00000001079c0000, 0x000000010bf70000, 0x000000010cbc0000)
  object space 71360K, 99% used [0x00000001079c0000,0x000000010bf4b0d8,0x000000010bf70000)
}
Event: 50770.286 GC heap before
{Heap before GC invocations=18 (full 1):
 PSYoungGen      total 355520K, used 355513K [0x00000001437c0000, 0x000000015cd20000, 0x000000015edc0000)
  eden space 347200K, 100% used [0x00000001437c0000,0x0000000158ad0000,0x0000000158ad0000)
  from space 8320K, 99% used [0x000000015c500000,0x000000015cd1e6a0,0x000000015cd20000)
  to   space 24768K, 0% used [0x0000000159cc0000,0x0000000159cc0000,0x000000015b4f0000)
 ParOldGen       total 107008K, used 58790K [0x000000010cbc0000, 0x0000000113440000, 0x00000001437c0000)
  object space 107008K, 54% used [0x000000010cbc0000,0x0000000110529ae0,0x0000000113440000)
 PSPermGen       total 71360K, used 71212K [0x00000001079c0000, 0x000000010bf70000, 0x000000010cbc0000)
  object space 71360K, 99% used [0x00000001079c0000,0x000000010bf4b0d8,0x000000010bf70000)
Event: 50770.300 GC heap after
Heap after GC invocations=18 (full 1):
 PSYoungGen      total 339776K, used 8361K [0x00000001437c0000, 0x000000015c510000, 0x000000015edc0000)
  eden space 331392K, 0% used [0x00000001437c0000,0x00000001437c0000,0x0000000157b60000)
  from space 8384K, 99% used [0x0000000159cc0000,0x000000015a4ea690,0x000000015a4f0000)
  to   space 24064K, 0% used [0x000000015ad90000,0x000000015ad90000,0x000000015c510000)
 ParOldGen       total 107008K, used 58790K [0x000000010cbc0000, 0x0000000113440000, 0x00000001437c0000)
  object space 107008K, 54% used [0x000000010cbc0000,0x0000000110529ae0,0x0000000113440000)
 PSPermGen       total 71360K, used 71212K [0x00000001079c0000, 0x000000010bf70000, 0x000000010cbc0000)
  object space 71360K, 99% used [0x00000001079c0000,0x000000010bf4b0d8,0x000000010bf70000)
}
Event: 65650.672 GC heap before
{Heap before GC invocations=19 (full 1):
 PSYoungGen      total 339776K, used 339753K [0x00000001437c0000, 0x000000015c510000, 0x000000015edc0000)
  eden space 331392K, 100% used [0x00000001437c0000,0x0000000157b60000,0x0000000157b60000)
  from space 8384K, 99% used [0x0000000159cc0000,0x000000015a4ea690,0x000000015a4f0000)
  to   space 24064K, 0% used [0x000000015ad90000,0x000000015ad90000,0x000000015c510000)
 ParOldGen       total 107008K, used 58790K [0x000000010cbc0000, 0x0000000113440000, 0x00000001437c0000)
  object space 107008K, 54% used [0x000000010cbc0000,0x0000000110529ae0,0x0000000113440000)
 PSPermGen       total 71360K, used 71214K [0x00000001079c0000, 0x000000010bf70000, 0x000000010cbc0000)
  object space 71360K, 99% used [0x00000001079c0000,0x000000010bf4bae8,0x000000010bf70000)
Event: 65650.687 GC heap after
Heap after GC invocations=19 (full 1):
 PSYoungGen      total 324736K, used 8329K [0x00000001437c0000, 0x000000015b5c0000, 0x000000015edc0000)
  eden space 316352K, 0% used [0x00000001437c0000,0x00000001437c0000,0x0000000156cb0000)
  from space 8384K, 99% used [0x000000015ad90000,0x000000015b5b2690,0x000000015b5c0000)
  to   space 23296K, 0% used [0x0000000158840000,0x0000000158840000,0x0000000159f00000)
 ParOldGen       total 107008K, used 58790K [0x000000010cbc0000, 0x0000000113440000, 0x00000001437c0000)
  object space 107008K, 54% used [0x000000010cbc0000,0x0000000110529ae0,0x0000000113440000)
 PSPermGen       total 71360K, used 71214K [0x00000001079c0000, 0x000000010bf70000, 0x000000010cbc0000)
  object space 71360K, 99% used [0x00000001079c0000,0x000000010bf4bae8,0x000000010bf70000)
}
Event: 78911.100 GC heap before
{Heap before GC invocations=20 (full 1):
 PSYoungGen      total 324736K, used 324681K [0x00000001437c0000, 0x000000015b5c0000, 0x000000015edc0000)
  eden space 316352K, 100% used [0x00000001437c0000,0x0000000156cb0000,0x0000000156cb0000)
  from space 8384K, 99% used [0x000000015ad90000,0x000000015b5b2690,0x000000015b5c0000)
  to   space 23296K, 0% used [0x0000000158840000,0x0000000158840000,0x0000000159f00000)
 ParOldGen       total 107008K, used 58790K [0x000000010cbc0000, 0x0000000113440000, 0x00000001437c0000)
  object space 107008K, 54% used [0x000000010cbc0000,0x0000000110529ae0,0x0000000113440000)
 PSPermGen       total 71360K, used 71214K [0x00000001079c0000, 0x000000010bf70000, 0x000000010cbc0000)
  object space 71360K, 99% used [0x00000001079c0000,0x000000010bf4bae8,0x000000010bf70000)
Event: 78911.115 GC heap after
Heap after GC invocations=20 (full 1):
 PSYoungGen      total 310528K, used 8412K [0x00000001437c0000, 0x000000015ada0000, 0x000000015edc0000)
  eden space 302080K, 0% used [0x00000001437c0000,0x00000001437c0000,0x0000000155ec0000)
  from space 8448K, 99% used [0x0000000158840000,0x0000000159077170,0x0000000159080000)
  to   space 22592K, 0% used [0x0000000159790000,0x0000000159790000,0x000000015ada0000)
 ParOldGen       total 107008K, used 58790K [0x000000010cbc0000, 0x0000000113440000, 0x00000001437c0000)
  object space 107008K, 54% used [0x000000010cbc0000,0x0000000110529ae0,0x0000000113440000)
 PSPermGen       total 71360K, used 71214K [0x00000001079c0000, 0x000000010bf70000, 0x000000010cbc0000)
  object space 71360K, 99% used [0x00000001079c0000,0x000000010bf4bae8,0x000000010bf70000)
}

