# JRE version: 7.0_10-b18
# Java VM: Java HotSpot(TM) 64-Bit Server VM (23.6-b04 mixed mode bsd-amd64 compressed oops)
Heap
 PSYoungGen      total 281856K, used 198286K [0x00000007e8d60000, 0x00000007ffa10000, 0x0000000800000000)
  eden space 267392K, 74% used [0x00000007e8d60000,0x00000007f4f03948,0x00000007f9280000)
  from space 14464K, 0% used [0x00000007febf0000,0x00000007febf0000,0x00000007ffa10000)
  to   space 21504K, 0% used [0x00000007fd010000,0x00000007fd010000,0x00000007fe510000)
 ParOldGen       total 112000K, used 59737K [0x00000007ba800000, 0x00000007c1560000, 0x00000007e8d60000)
  object space 112000K, 53% used [0x00000007ba800000,0x00000007be2567a8,0x00000007c1560000)
 PSPermGen       total 65792K, used 65772K [0x00000007b5600000, 0x00000007b9640000, 0x00000007ba800000)
  object space 65792K, 99% used [0x00000007b5600000,0x00000007b963b328,0x00000007b9640000)
GC Heap History (10 events):
Event: 18.869 GC heap before
{Heap before GC invocations=14 (full 0):
 PSYoungGen      total 188736K, used 183568K [0x00000007e8d60000, 0x00000007fb7b0000, 0x0000000800000000)
  eden space 177856K, 100% used [0x00000007e8d60000,0x00000007f3b10000,0x00000007f3b10000)
  from space 10880K, 52% used [0x00000007f3b10000,0x00000007f40a4020,0x00000007f45b0000)
  to   space 10432K, 0% used [0x00000007fad80000,0x00000007fad80000,0x00000007fb7b0000)
 ParOldGen       total 47424K, used 32923K [0x00000007ba800000, 0x00000007bd650000, 0x00000007e8d60000)
  object space 47424K, 69% used [0x00000007ba800000,0x00000007bc826ef8,0x00000007bd650000)
 PSPermGen       total 52928K, used 52859K [0x00000007b5600000, 0x00000007b89b0000, 0x00000007ba800000)
  object space 52928K, 99% used [0x00000007b5600000,0x00000007b899ee00,0x00000007b89b0000)
Event: 18.887 GC heap after
Heap after GC invocations=14 (full 0):
 PSYoungGen      total 290560K, used 10426K [0x00000007e8d60000, 0x00000007fc070000, 0x0000000800000000)
  eden space 280128K, 0% used [0x00000007e8d60000,0x00000007e8d60000,0x00000007f9ef0000)
  from space 10432K, 99% used [0x00000007fad80000,0x00000007fb7aebc8,0x00000007fb7b0000)
  to   space 14912K, 0% used [0x00000007f9ef0000,0x00000007f9ef0000,0x00000007fad80000)
 ParOldGen       total 47424K, used 41563K [0x00000007ba800000, 0x00000007bd650000, 0x00000007e8d60000)
  object space 47424K, 87% used [0x00000007ba800000,0x00000007bd096e70,0x00000007bd650000)
 PSPermGen       total 52928K, used 52859K [0x00000007b5600000, 0x00000007b89b0000, 0x00000007ba800000)
  object space 52928K, 99% used [0x00000007b5600000,0x00000007b899ee00,0x00000007b89b0000)
}
Event: 18.887 GC heap before
{Heap before GC invocations=15 (full 1):
 PSYoungGen      total 290560K, used 10426K [0x00000007e8d60000, 0x00000007fc070000, 0x0000000800000000)
  eden space 280128K, 0% used [0x00000007e8d60000,0x00000007e8d60000,0x00000007f9ef0000)
  from space 10432K, 99% used [0x00000007fad80000,0x00000007fb7aebc8,0x00000007fb7b0000)
  to   space 14912K, 0% used [0x00000007f9ef0000,0x00000007f9ef0000,0x00000007fad80000)
 ParOldGen       total 47424K, used 41563K [0x00000007ba800000, 0x00000007bd650000, 0x00000007e8d60000)
  object space 47424K, 87% used [0x00000007ba800000,0x00000007bd096e70,0x00000007bd650000)
 PSPermGen       total 52928K, used 52859K [0x00000007b5600000, 0x00000007b89b0000, 0x00000007ba800000)
  object space 52928K, 99% used [0x00000007b5600000,0x00000007b899ee00,0x00000007b89b0000)
Event: 19.087 GC heap after
Heap after GC invocations=15 (full 1):
 PSYoungGen      total 290560K, used 0K [0x00000007e8d60000, 0x00000007fc070000, 0x0000000800000000)
  eden space 280128K, 0% used [0x00000007e8d60000,0x00000007e8d60000,0x00000007f9ef0000)
  from space 10432K, 0% used [0x00000007fad80000,0x00000007fad80000,0x00000007fb7b0000)
  to   space 14912K, 0% used [0x00000007f9ef0000,0x00000007f9ef0000,0x00000007fad80000)
 ParOldGen       total 74944K, used 39493K [0x00000007ba800000, 0x00000007bf130000, 0x00000007e8d60000)
  object space 74944K, 52% used [0x00000007ba800000,0x00000007bce91468,0x00000007bf130000)
 PSPermGen       total 52928K, used 52837K [0x00000007b5600000, 0x00000007b89b0000, 0x00000007ba800000)
  object space 52928K, 99% used [0x00000007b5600000,0x00000007b8999520,0x00000007b89b0000)
}
Event: 24.295 GC heap before
{Heap before GC invocations=16 (full 1):
 PSYoungGen      total 290560K, used 280128K [0x00000007e8d60000, 0x00000007fc070000, 0x0000000800000000)
  eden space 280128K, 100% used [0x00000007e8d60000,0x00000007f9ef0000,0x00000007f9ef0000)
  from space 10432K, 0% used [0x00000007fad80000,0x00000007fad80000,0x00000007fb7b0000)
  to   space 14912K, 0% used [0x00000007f9ef0000,0x00000007f9ef0000,0x00000007fad80000)
 ParOldGen       total 74944K, used 39493K [0x00000007ba800000, 0x00000007bf130000, 0x00000007e8d60000)
  object space 74944K, 52% used [0x00000007ba800000,0x00000007bce91468,0x00000007bf130000)
 PSPermGen       total 59072K, used 58940K [0x00000007b5600000, 0x00000007b8fb0000, 0x00000007ba800000)
  object space 59072K, 99% used [0x00000007b5600000,0x00000007b8f8f1a0,0x00000007b8fb0000)
Event: 24.314 GC heap after
Heap after GC invocations=16 (full 1):
 PSYoungGen      total 295040K, used 14891K [0x00000007e8d60000, 0x0000000800000000, 0x0000000800000000)
  eden space 280128K, 0% used [0x00000007e8d60000,0x00000007e8d60000,0x00000007f9ef0000)
  from space 14912K, 99% used [0x00000007f9ef0000,0x00000007fad7aee0,0x00000007fad80000)
  to   space 20544K, 0% used [0x00000007febf0000,0x00000007febf0000,0x0000000800000000)
 ParOldGen       total 74944K, used 48837K [0x00000007ba800000, 0x00000007bf130000, 0x00000007e8d60000)
  object space 74944K, 65% used [0x00000007ba800000,0x00000007bd7b16c0,0x00000007bf130000)
 PSPermGen       total 59072K, used 58940K [0x00000007b5600000, 0x00000007b8fb0000, 0x00000007ba800000)
  object space 59072K, 99% used [0x00000007b5600000,0x00000007b8f8f1a0,0x00000007b8fb0000)
}
Event: 796.047 GC heap before
{Heap before GC invocations=17 (full 1):
 PSYoungGen      total 295040K, used 295019K [0x00000007e8d60000, 0x0000000800000000, 0x0000000800000000)
  eden space 280128K, 100% used [0x00000007e8d60000,0x00000007f9ef0000,0x00000007f9ef0000)
  from space 14912K, 99% used [0x00000007f9ef0000,0x00000007fad7aee0,0x00000007fad80000)
  to   space 20544K, 0% used [0x00000007febf0000,0x00000007febf0000,0x0000000800000000)
 ParOldGen       total 74944K, used 48837K [0x00000007ba800000, 0x00000007bf130000, 0x00000007e8d60000)
  object space 74944K, 65% used [0x00000007ba800000,0x00000007bd7b16c0,0x00000007bf130000)
 PSPermGen       total 65792K, used 65744K [0x00000007b5600000, 0x00000007b9640000, 0x00000007ba800000)
  object space 65792K, 99% used [0x00000007b5600000,0x00000007b9634118,0x00000007b9640000)
Event: 796.070 GC heap after
Heap after GC invocations=17 (full 1):
 PSYoungGen      total 281856K, used 14453K [0x00000007e8d60000, 0x00000007ffa10000, 0x0000000800000000)
  eden space 267392K, 0% used [0x00000007e8d60000,0x00000007e8d60000,0x00000007f9280000)
  from space 14464K, 99% used [0x00000007febf0000,0x00000007ffa0d7d0,0x00000007ffa10000)
  to   space 21504K, 0% used [0x00000007fd010000,0x00000007fd010000,0x00000007fe510000)
 ParOldGen       total 74944K, used 63445K [0x00000007ba800000, 0x00000007bf130000, 0x00000007e8d60000)
  object space 74944K, 84% used [0x00000007ba800000,0x00000007be5f5708,0x00000007bf130000)
 PSPermGen       total 65792K, used 65744K [0x00000007b5600000, 0x00000007b9640000, 0x00000007ba800000)
  object space 65792K, 99% used [0x00000007b5600000,0x00000007b9634118,0x00000007b9640000)
}
Event: 796.071 GC heap before
{Heap before GC invocations=18 (full 2):
 PSYoungGen      total 281856K, used 14453K [0x00000007e8d60000, 0x00000007ffa10000, 0x0000000800000000)
  eden space 267392K, 0% used [0x00000007e8d60000,0x00000007e8d60000,0x00000007f9280000)
  from space 14464K, 99% used [0x00000007febf0000,0x00000007ffa0d7d0,0x00000007ffa10000)
  to   space 21504K, 0% used [0x00000007fd010000,0x00000007fd010000,0x00000007fe510000)
 ParOldGen       total 74944K, used 63445K [0x00000007ba800000, 0x00000007bf130000, 0x00000007e8d60000)
  object space 74944K, 84% used [0x00000007ba800000,0x00000007be5f5708,0x00000007bf130000)
 PSPermGen       total 65792K, used 65744K [0x00000007b5600000, 0x00000007b9640000, 0x00000007ba800000)
  object space 65792K, 99% used [0x00000007b5600000,0x00000007b9634118,0x00000007b9640000)
Event: 796.252 GC heap after
Heap after GC invocations=18 (full 2):
 PSYoungGen      total 281856K, used 0K [0x00000007e8d60000, 0x00000007ffa10000, 0x0000000800000000)
  eden space 267392K, 0% used [0x00000007e8d60000,0x00000007e8d60000,0x00000007f9280000)
  from space 14464K, 0% used [0x00000007febf0000,0x00000007febf0000,0x00000007ffa10000)
  to   space 21504K, 0% used [0x00000007fd010000,0x00000007fd010000,0x00000007fe510000)
 ParOldGen       total 112000K, used 59737K [0x00000007ba800000, 0x00000007c1560000, 0x00000007e8d60000)
  object space 112000K, 53% used [0x00000007ba800000,0x00000007be2567a8,0x00000007c1560000)
 PSPermGen       total 65792K, used 65735K [0x00000007b5600000, 0x00000007b9640000, 0x00000007ba800000)
  object space 65792K, 99% used [0x00000007b5600000,0x00000007b9631cd8,0x00000007b9640000)
}

