# JRE version: 7.0_10-b18
# Java VM: Java HotSpot(TM) 64-Bit Server VM (23.6-b04 mixed mode bsd-amd64 compressed oops)
Heap
 PSYoungGen      total 339520K, used 299265K [0x00000007e5200000, 0x00000007fb890000, 0x0000000800000000)
  eden space 328192K, 91% used [0x00000007e5200000,0x00000007f7640440,0x00000007f9280000)
  from space 11328K, 0% used [0x00000007fa2e0000,0x00000007fa2e0000,0x00000007fadf0000)
  to   space 16768K, 0% used [0x00000007f9280000,0x00000007f9280000,0x00000007fa2e0000)
 ParOldGen       total 85888K, used 47341K [0x00000007af600000, 0x00000007b49e0000, 0x00000007e5200000)
  object space 85888K, 55% used [0x00000007af600000,0x00000007b243b6a8,0x00000007b49e0000)
 PSPermGen       total 57920K, used 57876K [0x00000007aa400000, 0x00000007adc90000, 0x00000007af600000)
  object space 57920K, 99% used [0x00000007aa400000,0x00000007adc852f8,0x00000007adc90000)
GC Heap History (10 events):
Event: 20.976 GC heap before
{Heap before GC invocations=11 (full 0):
 PSYoungGen      total 140416K, used 134044K [0x00000007e5200000, 0x00000007ee560000, 0x0000000800000000)
  eden space 130304K, 100% used [0x00000007e5200000,0x00000007ed140000,0x00000007ed140000)
  from space 10112K, 36% used [0x00000007edb80000,0x00000007edf27110,0x00000007ee560000)
  to   space 10304K, 0% used [0x00000007ed140000,0x00000007ed140000,0x00000007edb50000)
 ParOldGen       total 55040K, used 20817K [0x00000007af600000, 0x00000007b2bc0000, 0x00000007e5200000)
  object space 55040K, 37% used [0x00000007af600000,0x00000007b0a54648,0x00000007b2bc0000)
 PSPermGen       total 29696K, used 29622K [0x00000007aa400000, 0x00000007ac100000, 0x00000007af600000)
  object space 29696K, 99% used [0x00000007aa400000,0x00000007ac0ed878,0x00000007ac100000)
Event: 20.991 GC heap after
Heap after GC invocations=11 (full 0):
 PSYoungGen      total 140608K, used 7294K [0x00000007e5200000, 0x00000007f3240000, 0x0000000800000000)
  eden space 130304K, 0% used [0x00000007e5200000,0x00000007e5200000,0x00000007ed140000)
  from space 10304K, 70% used [0x00000007ed140000,0x00000007ed85fba0,0x00000007edb50000)
  to   space 10560K, 0% used [0x00000007f27f0000,0x00000007f27f0000,0x00000007f3240000)
 ParOldGen       total 55040K, used 24222K [0x00000007af600000, 0x00000007b2bc0000, 0x00000007e5200000)
  object space 55040K, 44% used [0x00000007af600000,0x00000007b0da78a8,0x00000007b2bc0000)
 PSPermGen       total 29696K, used 29622K [0x00000007aa400000, 0x00000007ac100000, 0x00000007af600000)
  object space 29696K, 99% used [0x00000007aa400000,0x00000007ac0ed878,0x00000007ac100000)
}
Event: 22.032 GC heap before
{Heap before GC invocations=12 (full 0):
 PSYoungGen      total 140608K, used 137598K [0x00000007e5200000, 0x00000007f3240000, 0x0000000800000000)
  eden space 130304K, 100% used [0x00000007e5200000,0x00000007ed140000,0x00000007ed140000)
  from space 10304K, 70% used [0x00000007ed140000,0x00000007ed85fba0,0x00000007edb50000)
  to   space 10560K, 0% used [0x00000007f27f0000,0x00000007f27f0000,0x00000007f3240000)
 ParOldGen       total 55040K, used 24222K [0x00000007af600000, 0x00000007b2bc0000, 0x00000007e5200000)
  object space 55040K, 44% used [0x00000007af600000,0x00000007b0da78a8,0x00000007b2bc0000)
 PSPermGen       total 32384K, used 32223K [0x00000007aa400000, 0x00000007ac3a0000, 0x00000007af600000)
  object space 32384K, 99% used [0x00000007aa400000,0x00000007ac377e28,0x00000007ac3a0000)
Event: 22.044 GC heap after
Heap after GC invocations=12 (full 0):
 PSYoungGen      total 218688K, used 6489K [0x00000007e5200000, 0x00000007f31e0000, 0x0000000800000000)
  eden space 208512K, 0% used [0x00000007e5200000,0x00000007e5200000,0x00000007f1da0000)
  from space 10176K, 63% used [0x00000007f27f0000,0x00000007f2e46488,0x00000007f31e0000)
  to   space 10368K, 0% used [0x00000007f1da0000,0x00000007f1da0000,0x00000007f27c0000)
 ParOldGen       total 55040K, used 29716K [0x00000007af600000, 0x00000007b2bc0000, 0x00000007e5200000)
  object space 55040K, 53% used [0x00000007af600000,0x00000007b1305380,0x00000007b2bc0000)
 PSPermGen       total 32384K, used 32223K [0x00000007aa400000, 0x00000007ac3a0000, 0x00000007af600000)
  object space 32384K, 99% used [0x00000007aa400000,0x00000007ac377e28,0x00000007ac3a0000)
}
Event: 30.411 GC heap before
{Heap before GC invocations=13 (full 0):
 PSYoungGen      total 218688K, used 215001K [0x00000007e5200000, 0x00000007f31e0000, 0x0000000800000000)
  eden space 208512K, 100% used [0x00000007e5200000,0x00000007f1da0000,0x00000007f1da0000)
  from space 10176K, 63% used [0x00000007f27f0000,0x00000007f2e46488,0x00000007f31e0000)
  to   space 10368K, 0% used [0x00000007f1da0000,0x00000007f1da0000,0x00000007f27c0000)
 ParOldGen       total 55040K, used 29716K [0x00000007af600000, 0x00000007b2bc0000, 0x00000007e5200000)
  object space 55040K, 53% used [0x00000007af600000,0x00000007b1305380,0x00000007b2bc0000)
 PSPermGen       total 46976K, used 46845K [0x00000007aa400000, 0x00000007ad1e0000, 0x00000007af600000)
  object space 46976K, 99% used [0x00000007aa400000,0x00000007ad1bf7d8,0x00000007ad1e0000)
Event: 30.426 GC heap after
Heap after GC invocations=13 (full 0):
 PSYoungGen      total 218880K, used 9376K [0x00000007e5200000, 0x00000007fadf0000, 0x0000000800000000)
  eden space 208512K, 0% used [0x00000007e5200000,0x00000007e5200000,0x00000007f1da0000)
  from space 10368K, 90% used [0x00000007f1da0000,0x00000007f26c8050,0x00000007f27c0000)
  to   space 11328K, 0% used [0x00000007fa2e0000,0x00000007fa2e0000,0x00000007fadf0000)
 ParOldGen       total 55040K, used 34922K [0x00000007af600000, 0x00000007b2bc0000, 0x00000007e5200000)
  object space 55040K, 63% used [0x00000007af600000,0x00000007b181a988,0x00000007b2bc0000)
 PSPermGen       total 46976K, used 46845K [0x00000007aa400000, 0x00000007ad1e0000, 0x00000007af600000)
  object space 46976K, 99% used [0x00000007aa400000,0x00000007ad1bf7d8,0x00000007ad1e0000)
}
Event: 36.138 GC heap before
{Heap before GC invocations=14 (full 0):
 PSYoungGen      total 218880K, used 217888K [0x00000007e5200000, 0x00000007fadf0000, 0x0000000800000000)
  eden space 208512K, 100% used [0x00000007e5200000,0x00000007f1da0000,0x00000007f1da0000)
  from space 10368K, 90% used [0x00000007f1da0000,0x00000007f26c8050,0x00000007f27c0000)
  to   space 11328K, 0% used [0x00000007fa2e0000,0x00000007fa2e0000,0x00000007fadf0000)
 ParOldGen       total 55040K, used 34922K [0x00000007af600000, 0x00000007b2bc0000, 0x00000007e5200000)
  object space 55040K, 63% used [0x00000007af600000,0x00000007b181a988,0x00000007b2bc0000)
 PSPermGen       total 51392K, used 51211K [0x00000007aa400000, 0x00000007ad630000, 0x00000007af600000)
  object space 51392K, 99% used [0x00000007aa400000,0x00000007ad602c18,0x00000007ad630000)
Event: 36.156 GC heap after
Heap after GC invocations=14 (full 0):
 PSYoungGen      total 339520K, used 11319K [0x00000007e5200000, 0x00000007fb890000, 0x0000000800000000)
  eden space 328192K, 0% used [0x00000007e5200000,0x00000007e5200000,0x00000007f9280000)
  from space 11328K, 99% used [0x00000007fa2e0000,0x00000007fadedc80,0x00000007fadf0000)
  to   space 16768K, 0% used [0x00000007f9280000,0x00000007f9280000,0x00000007fa2e0000)
 ParOldGen       total 55040K, used 45861K [0x00000007af600000, 0x00000007b2bc0000, 0x00000007e5200000)
  object space 55040K, 83% used [0x00000007af600000,0x00000007b22c95a0,0x00000007b2bc0000)
 PSPermGen       total 51392K, used 51211K [0x00000007aa400000, 0x00000007ad630000, 0x00000007af600000)
  object space 51392K, 99% used [0x00000007aa400000,0x00000007ad602c18,0x00000007ad630000)
}
Event: 36.156 GC heap before
{Heap before GC invocations=15 (full 1):
 PSYoungGen      total 339520K, used 11319K [0x00000007e5200000, 0x00000007fb890000, 0x0000000800000000)
  eden space 328192K, 0% used [0x00000007e5200000,0x00000007e5200000,0x00000007f9280000)
  from space 11328K, 99% used [0x00000007fa2e0000,0x00000007fadedc80,0x00000007fadf0000)
  to   space 16768K, 0% used [0x00000007f9280000,0x00000007f9280000,0x00000007fa2e0000)
 ParOldGen       total 55040K, used 45861K [0x00000007af600000, 0x00000007b2bc0000, 0x00000007e5200000)
  object space 55040K, 83% used [0x00000007af600000,0x00000007b22c95a0,0x00000007b2bc0000)
 PSPermGen       total 51392K, used 51211K [0x00000007aa400000, 0x00000007ad630000, 0x00000007af600000)
  object space 51392K, 99% used [0x00000007aa400000,0x00000007ad602c18,0x00000007ad630000)
Event: 36.378 GC heap after
Heap after GC invocations=15 (full 1):
 PSYoungGen      total 339520K, used 0K [0x00000007e5200000, 0x00000007fb890000, 0x0000000800000000)
  eden space 328192K, 0% used [0x00000007e5200000,0x00000007e5200000,0x00000007f9280000)
  from space 11328K, 0% used [0x00000007fa2e0000,0x00000007fa2e0000,0x00000007fadf0000)
  to   space 16768K, 0% used [0x00000007f9280000,0x00000007f9280000,0x00000007fa2e0000)
 ParOldGen       total 85888K, used 47341K [0x00000007af600000, 0x00000007b49e0000, 0x00000007e5200000)
  object space 85888K, 55% used [0x00000007af600000,0x00000007b243b6a8,0x00000007b49e0000)
 PSPermGen       total 51392K, used 51187K [0x00000007aa400000, 0x00000007ad630000, 0x00000007af600000)
  object space 51392K, 99% used [0x00000007aa400000,0x00000007ad5fcf20,0x00000007ad630000)
}

