# JRE version: 7.0_10-b18
# Java VM: Java HotSpot(TM) 64-Bit Server VM (23.6-b04 mixed mode bsd-amd64 compressed oops)
Heap
 PSYoungGen      total 277760K, used 28534K [0x00000007e4eb0000, 0x0000000800000000, 0x0000000800000000)
  eden space 260800K, 5% used [0x00000007e4eb0000,0x00000007e5bb5320,0x00000007f4d60000)
  from space 16960K, 89% used [0x00000007f4d60000,0x00000007f5c387e8,0x00000007f5df0000)
  to   space 18496K, 0% used [0x00000007fedf0000,0x00000007fedf0000,0x0000000800000000)
 ParOldGen       total 55488K, used 42546K [0x00000007aec00000, 0x00000007b2230000, 0x00000007e4eb0000)
  object space 55488K, 76% used [0x00000007aec00000,0x00000007b158c8b0,0x00000007b2230000)
 PSPermGen       total 55040K, used 54923K [0x00000007a9a00000, 0x00000007acfc0000, 0x00000007aec00000)
  object space 55040K, 99% used [0x00000007a9a00000,0x00000007acfa2ed0,0x00000007acfc0000)
GC Heap History (10 events):
Event: 6.286 GC heap before
{Heap before GC invocations=7 (full 0):
 PSYoungGen      total 89792K, used 88437K [0x00000007e4eb0000, 0x00000007ead10000, 0x0000000800000000)
  eden space 83200K, 100% used [0x00000007e4eb0000,0x00000007e9ff0000,0x00000007e9ff0000)
  from space 6592K, 79% used [0x00000007ea6a0000,0x00000007eabbd488,0x00000007ead10000)
  to   space 6720K, 0% used [0x00000007e9ff0000,0x00000007e9ff0000,0x00000007ea680000)
 ParOldGen       total 55488K, used 10737K [0x00000007aec00000, 0x00000007b2230000, 0x00000007e4eb0000)
  object space 55488K, 19% used [0x00000007aec00000,0x00000007af67c7f0,0x00000007b2230000)
 PSPermGen       total 21248K, used 18277K [0x00000007a9a00000, 0x00000007aaec0000, 0x00000007aec00000)
  object space 21248K, 86% used [0x00000007a9a00000,0x00000007aabd9470,0x00000007aaec0000)
Event: 6.297 GC heap after
Heap after GC invocations=7 (full 0):
 PSYoungGen      total 89920K, used 6708K [0x00000007e4eb0000, 0x00000007f0450000, 0x0000000800000000)
  eden space 83200K, 0% used [0x00000007e4eb0000,0x00000007e4eb0000,0x00000007e9ff0000)
  from space 6720K, 99% used [0x00000007e9ff0000,0x00000007ea67d2e0,0x00000007ea680000)
  to   space 9792K, 0% used [0x00000007efac0000,0x00000007efac0000,0x00000007f0450000)
 ParOldGen       total 55488K, used 15958K [0x00000007aec00000, 0x00000007b2230000, 0x00000007e4eb0000)
  object space 55488K, 28% used [0x00000007aec00000,0x00000007afb95918,0x00000007b2230000)
 PSPermGen       total 21248K, used 18277K [0x00000007a9a00000, 0x00000007aaec0000, 0x00000007aec00000)
  object space 21248K, 86% used [0x00000007a9a00000,0x00000007aabd9470,0x00000007aaec0000)
}
Event: 7.096 GC heap before
{Heap before GC invocations=8 (full 0):
 PSYoungGen      total 89920K, used 89908K [0x00000007e4eb0000, 0x00000007f0450000, 0x0000000800000000)
  eden space 83200K, 100% used [0x00000007e4eb0000,0x00000007e9ff0000,0x00000007e9ff0000)
  from space 6720K, 99% used [0x00000007e9ff0000,0x00000007ea67d2e0,0x00000007ea680000)
  to   space 9792K, 0% used [0x00000007efac0000,0x00000007efac0000,0x00000007f0450000)
 ParOldGen       total 55488K, used 15958K [0x00000007aec00000, 0x00000007b2230000, 0x00000007e4eb0000)
  object space 55488K, 28% used [0x00000007aec00000,0x00000007afb95918,0x00000007b2230000)
 PSPermGen       total 21248K, used 18559K [0x00000007a9a00000, 0x00000007aaec0000, 0x00000007aec00000)
  object space 21248K, 87% used [0x00000007a9a00000,0x00000007aac1fee0,0x00000007aaec0000)
Event: 7.110 GC heap after
Heap after GC invocations=8 (full 0):
 PSYoungGen      total 173632K, used 9780K [0x00000007e4eb0000, 0x00000007f0950000, 0x0000000800000000)
  eden space 163840K, 0% used [0x00000007e4eb0000,0x00000007e4eb0000,0x00000007eeeb0000)
  from space 9792K, 99% used [0x00000007efac0000,0x00000007f044d320,0x00000007f0450000)
  to   space 12352K, 0% used [0x00000007eeeb0000,0x00000007eeeb0000,0x00000007efac0000)
 ParOldGen       total 55488K, used 19454K [0x00000007aec00000, 0x00000007b2230000, 0x00000007e4eb0000)
  object space 55488K, 35% used [0x00000007aec00000,0x00000007afeff8c0,0x00000007b2230000)
 PSPermGen       total 21248K, used 18559K [0x00000007a9a00000, 0x00000007aaec0000, 0x00000007aec00000)
  object space 21248K, 87% used [0x00000007a9a00000,0x00000007aac1fee0,0x00000007aaec0000)
}
Event: 8.916 GC heap before
{Heap before GC invocations=9 (full 0):
 PSYoungGen      total 173632K, used 173620K [0x00000007e4eb0000, 0x00000007f0950000, 0x0000000800000000)
  eden space 163840K, 100% used [0x00000007e4eb0000,0x00000007eeeb0000,0x00000007eeeb0000)
  from space 9792K, 99% used [0x00000007efac0000,0x00000007f044d320,0x00000007f0450000)
  to   space 12352K, 0% used [0x00000007eeeb0000,0x00000007eeeb0000,0x00000007efac0000)
 ParOldGen       total 55488K, used 19454K [0x00000007aec00000, 0x00000007b2230000, 0x00000007e4eb0000)
  object space 55488K, 35% used [0x00000007aec00000,0x00000007afeff8c0,0x00000007b2230000)
 PSPermGen       total 29312K, used 29186K [0x00000007a9a00000, 0x00000007ab6a0000, 0x00000007aec00000)
  object space 29312K, 99% used [0x00000007a9a00000,0x00000007ab680948,0x00000007ab6a0000)
Event: 8.939 GC heap after
Heap after GC invocations=9 (full 0):
 PSYoungGen      total 176192K, used 12347K [0x00000007e4eb0000, 0x00000007f6d30000, 0x0000000800000000)
  eden space 163840K, 0% used [0x00000007e4eb0000,0x00000007e4eb0000,0x00000007eeeb0000)
  from space 12352K, 99% used [0x00000007eeeb0000,0x00000007efabed90,0x00000007efac0000)
  to   space 15616K, 0% used [0x00000007f5df0000,0x00000007f5df0000,0x00000007f6d30000)
 ParOldGen       total 55488K, used 23759K [0x00000007aec00000, 0x00000007b2230000, 0x00000007e4eb0000)
  object space 55488K, 42% used [0x00000007aec00000,0x00000007b0333d58,0x00000007b2230000)
 PSPermGen       total 29312K, used 29186K [0x00000007a9a00000, 0x00000007ab6a0000, 0x00000007aec00000)
  object space 29312K, 99% used [0x00000007a9a00000,0x00000007ab680948,0x00000007ab6a0000)
}
Event: 9.590 GC heap before
{Heap before GC invocations=10 (full 0):
 PSYoungGen      total 176192K, used 176187K [0x00000007e4eb0000, 0x00000007f6d30000, 0x0000000800000000)
  eden space 163840K, 100% used [0x00000007e4eb0000,0x00000007eeeb0000,0x00000007eeeb0000)
  from space 12352K, 99% used [0x00000007eeeb0000,0x00000007efabed90,0x00000007efac0000)
  to   space 15616K, 0% used [0x00000007f5df0000,0x00000007f5df0000,0x00000007f6d30000)
 ParOldGen       total 55488K, used 23759K [0x00000007aec00000, 0x00000007b2230000, 0x00000007e4eb0000)
  object space 55488K, 42% used [0x00000007aec00000,0x00000007b0333d58,0x00000007b2230000)
 PSPermGen       total 33152K, used 33051K [0x00000007a9a00000, 0x00000007aba60000, 0x00000007aec00000)
  object space 33152K, 99% used [0x00000007a9a00000,0x00000007aba46da8,0x00000007aba60000)
Event: 9.612 GC heap after
Heap after GC invocations=10 (full 0):
 PSYoungGen      total 276416K, used 13970K [0x00000007e4eb0000, 0x00000007f6fd0000, 0x0000000800000000)
  eden space 260800K, 0% used [0x00000007e4eb0000,0x00000007e4eb0000,0x00000007f4d60000)
  from space 15616K, 89% used [0x00000007f5df0000,0x00000007f6b94a58,0x00000007f6d30000)
  to   space 16960K, 0% used [0x00000007f4d60000,0x00000007f4d60000,0x00000007f5df0000)
 ParOldGen       total 55488K, used 30013K [0x00000007aec00000, 0x00000007b2230000, 0x00000007e4eb0000)
  object space 55488K, 54% used [0x00000007aec00000,0x00000007b094f428,0x00000007b2230000)
 PSPermGen       total 33152K, used 33051K [0x00000007a9a00000, 0x00000007aba60000, 0x00000007aec00000)
  object space 33152K, 99% used [0x00000007a9a00000,0x00000007aba46da8,0x00000007aba60000)
}
Event: 11.811 GC heap before
{Heap before GC invocations=11 (full 0):
 PSYoungGen      total 276416K, used 274770K [0x00000007e4eb0000, 0x00000007f6fd0000, 0x0000000800000000)
  eden space 260800K, 100% used [0x00000007e4eb0000,0x00000007f4d60000,0x00000007f4d60000)
  from space 15616K, 89% used [0x00000007f5df0000,0x00000007f6b94a58,0x00000007f6d30000)
  to   space 16960K, 0% used [0x00000007f4d60000,0x00000007f4d60000,0x00000007f5df0000)
 ParOldGen       total 55488K, used 30013K [0x00000007aec00000, 0x00000007b2230000, 0x00000007e4eb0000)
  object space 55488K, 54% used [0x00000007aec00000,0x00000007b094f428,0x00000007b2230000)
 PSPermGen       total 54464K, used 54305K [0x00000007a9a00000, 0x00000007acf30000, 0x00000007aec00000)
  object space 54464K, 99% used [0x00000007a9a00000,0x00000007acf087f8,0x00000007acf30000)
Event: 11.837 GC heap after
Heap after GC invocations=11 (full 0):
 PSYoungGen      total 277760K, used 15201K [0x00000007e4eb0000, 0x0000000800000000, 0x0000000800000000)
  eden space 260800K, 0% used [0x00000007e4eb0000,0x00000007e4eb0000,0x00000007f4d60000)
  from space 16960K, 89% used [0x00000007f4d60000,0x00000007f5c387e8,0x00000007f5df0000)
  to   space 18496K, 0% used [0x00000007fedf0000,0x00000007fedf0000,0x0000000800000000)
 ParOldGen       total 55488K, used 42546K [0x00000007aec00000, 0x00000007b2230000, 0x00000007e4eb0000)
  object space 55488K, 76% used [0x00000007aec00000,0x00000007b158c8b0,0x00000007b2230000)
 PSPermGen       total 54464K, used 54305K [0x00000007a9a00000, 0x00000007acf30000, 0x00000007aec00000)
  object space 54464K, 99% used [0x00000007a9a00000,0x00000007acf087f8,0x00000007acf30000)
}

