# JRE version: 7.0_10-b18
# Java VM: Java HotSpot(TM) 64-Bit Server VM (23.6-b04 mixed mode bsd-amd64 compressed oops)
Heap
 PSYoungGen      total 278528K, used 40319K [0x0000000145d90000, 0x0000000160ee0000, 0x0000000160ee0000)
  eden space 260800K, 9% used [0x0000000145d90000,0x0000000147607518,0x0000000155c40000)
  from space 17728K, 86% used [0x0000000155c40000,0x0000000156b28740,0x0000000156d90000)
  to   space 19264K, 0% used [0x000000015fc10000,0x000000015fc10000,0x0000000160ee0000)
 ParOldGen       total 55424K, used 42582K [0x000000010fae0000, 0x0000000113100000, 0x0000000145d90000)
  object space 55424K, 76% used [0x000000010fae0000,0x0000000112475bf8,0x0000000113100000)
 PSPermGen       total 55040K, used 54915K [0x000000010a8e0000, 0x000000010dea0000, 0x000000010fae0000)
  object space 55040K, 99% used [0x000000010a8e0000,0x000000010de80d90,0x000000010dea0000)
GC Heap History (10 events):
Event: 4.024 GC heap before
{Heap before GC invocations=7 (full 0):
 PSYoungGen      total 90112K, used 88565K [0x0000000145d90000, 0x000000014bcd0000, 0x0000000160ee0000)
  eden space 83200K, 100% used [0x0000000145d90000,0x000000014aed0000,0x000000014aed0000)
  from space 6912K, 77% used [0x000000014b610000,0x000000014bb4d468,0x000000014bcd0000)
  to   space 7168K, 0% used [0x000000014aed0000,0x000000014aed0000,0x000000014b5d0000)
 ParOldGen       total 55424K, used 10666K [0x000000010fae0000, 0x0000000113100000, 0x0000000145d90000)
  object space 55424K, 19% used [0x000000010fae0000,0x000000011054a948,0x0000000113100000)
 PSPermGen       total 21248K, used 18248K [0x000000010a8e0000, 0x000000010bda0000, 0x000000010fae0000)
  object space 21248K, 85% used [0x000000010a8e0000,0x000000010bab2310,0x000000010bda0000)
Event: 4.035 GC heap after
Heap after GC invocations=7 (full 0):
 PSYoungGen      total 90368K, used 7167K [0x0000000145d90000, 0x0000000151430000, 0x0000000160ee0000)
  eden space 83200K, 0% used [0x0000000145d90000,0x0000000145d90000,0x000000014aed0000)
  from space 7168K, 99% used [0x000000014aed0000,0x000000014b5cff58,0x000000014b5d0000)
  to   space 10304K, 0% used [0x0000000150a20000,0x0000000150a20000,0x0000000151430000)
 ParOldGen       total 55424K, used 15414K [0x000000010fae0000, 0x0000000113100000, 0x0000000145d90000)
  object space 55424K, 27% used [0x000000010fae0000,0x00000001109ed888,0x0000000113100000)
 PSPermGen       total 21248K, used 18248K [0x000000010a8e0000, 0x000000010bda0000, 0x000000010fae0000)
  object space 21248K, 85% used [0x000000010a8e0000,0x000000010bab2310,0x000000010bda0000)
}
Event: 4.838 GC heap before
{Heap before GC invocations=8 (full 0):
 PSYoungGen      total 90368K, used 90367K [0x0000000145d90000, 0x0000000151430000, 0x0000000160ee0000)
  eden space 83200K, 100% used [0x0000000145d90000,0x000000014aed0000,0x000000014aed0000)
  from space 7168K, 99% used [0x000000014aed0000,0x000000014b5cff58,0x000000014b5d0000)
  to   space 10304K, 0% used [0x0000000150a20000,0x0000000150a20000,0x0000000151430000)
 ParOldGen       total 55424K, used 15414K [0x000000010fae0000, 0x0000000113100000, 0x0000000145d90000)
  object space 55424K, 27% used [0x000000010fae0000,0x00000001109ed888,0x0000000113100000)
 PSPermGen       total 21248K, used 18510K [0x000000010a8e0000, 0x000000010bda0000, 0x000000010fae0000)
  object space 21248K, 87% used [0x000000010a8e0000,0x000000010baf3840,0x000000010bda0000)
Event: 4.851 GC heap after
Heap after GC invocations=8 (full 0):
 PSYoungGen      total 173824K, used 10301K [0x0000000145d90000, 0x00000001519d0000, 0x0000000160ee0000)
  eden space 163520K, 0% used [0x0000000145d90000,0x0000000145d90000,0x000000014fd40000)
  from space 10304K, 99% used [0x0000000150a20000,0x000000015142f700,0x0000000151430000)
  to   space 13184K, 0% used [0x000000014fd40000,0x000000014fd40000,0x0000000150a20000)
 ParOldGen       total 55424K, used 18965K [0x000000010fae0000, 0x0000000113100000, 0x0000000145d90000)
  object space 55424K, 34% used [0x000000010fae0000,0x0000000110d65580,0x0000000113100000)
 PSPermGen       total 21248K, used 18510K [0x000000010a8e0000, 0x000000010bda0000, 0x000000010fae0000)
  object space 21248K, 87% used [0x000000010a8e0000,0x000000010baf3840,0x000000010bda0000)
}
Event: 6.426 GC heap before
{Heap before GC invocations=9 (full 0):
 PSYoungGen      total 173824K, used 173821K [0x0000000145d90000, 0x00000001519d0000, 0x0000000160ee0000)
  eden space 163520K, 100% used [0x0000000145d90000,0x000000014fd40000,0x000000014fd40000)
  from space 10304K, 99% used [0x0000000150a20000,0x000000015142f700,0x0000000151430000)
  to   space 13184K, 0% used [0x000000014fd40000,0x000000014fd40000,0x0000000150a20000)
 ParOldGen       total 55424K, used 18965K [0x000000010fae0000, 0x0000000113100000, 0x0000000145d90000)
  object space 55424K, 34% used [0x000000010fae0000,0x0000000110d65580,0x0000000113100000)
 PSPermGen       total 29888K, used 29699K [0x000000010a8e0000, 0x000000010c610000, 0x000000010fae0000)
  object space 29888K, 99% used [0x000000010a8e0000,0x000000010c5e0c60,0x000000010c610000)
Event: 6.447 GC heap after
Heap after GC invocations=9 (full 0):
 PSYoungGen      total 176704K, used 13155K [0x0000000145d90000, 0x0000000157e10000, 0x0000000160ee0000)
  eden space 163520K, 0% used [0x0000000145d90000,0x0000000145d90000,0x000000014fd40000)
  from space 13184K, 99% used [0x000000014fd40000,0x0000000150a18fd8,0x0000000150a20000)
  to   space 16896K, 0% used [0x0000000156d90000,0x0000000156d90000,0x0000000157e10000)
 ParOldGen       total 55424K, used 23725K [0x000000010fae0000, 0x0000000113100000, 0x0000000145d90000)
  object space 55424K, 42% used [0x000000010fae0000,0x000000011120b670,0x0000000113100000)
 PSPermGen       total 29888K, used 29699K [0x000000010a8e0000, 0x000000010c610000, 0x000000010fae0000)
  object space 29888K, 99% used [0x000000010a8e0000,0x000000010c5e0c60,0x000000010c610000)
}
Event: 7.120 GC heap before
{Heap before GC invocations=10 (full 0):
 PSYoungGen      total 176704K, used 176675K [0x0000000145d90000, 0x0000000157e10000, 0x0000000160ee0000)
  eden space 163520K, 100% used [0x0000000145d90000,0x000000014fd40000,0x000000014fd40000)
  from space 13184K, 99% used [0x000000014fd40000,0x0000000150a18fd8,0x0000000150a20000)
  to   space 16896K, 0% used [0x0000000156d90000,0x0000000156d90000,0x0000000157e10000)
 ParOldGen       total 55424K, used 23725K [0x000000010fae0000, 0x0000000113100000, 0x0000000145d90000)
  object space 55424K, 42% used [0x000000010fae0000,0x000000011120b670,0x0000000113100000)
 PSPermGen       total 32384K, used 32321K [0x000000010a8e0000, 0x000000010c880000, 0x000000010fae0000)
  object space 32384K, 99% used [0x000000010a8e0000,0x000000010c8704d8,0x000000010c880000)
Event: 7.139 GC heap after
Heap after GC invocations=10 (full 0):
 PSYoungGen      total 277696K, used 12801K [0x0000000145d90000, 0x0000000157fb0000, 0x0000000160ee0000)
  eden space 260800K, 0% used [0x0000000145d90000,0x0000000145d90000,0x0000000155c40000)
  from space 16896K, 75% used [0x0000000156d90000,0x0000000157a10708,0x0000000157e10000)
  to   space 17728K, 0% used [0x0000000155c40000,0x0000000155c40000,0x0000000156d90000)
 ParOldGen       total 55424K, used 30993K [0x000000010fae0000, 0x0000000113100000, 0x0000000145d90000)
  object space 55424K, 55% used [0x000000010fae0000,0x00000001119244b0,0x0000000113100000)
 PSPermGen       total 32384K, used 32321K [0x000000010a8e0000, 0x000000010c880000, 0x000000010fae0000)
  object space 32384K, 99% used [0x000000010a8e0000,0x000000010c8704d8,0x000000010c880000)
}
Event: 9.161 GC heap before
{Heap before GC invocations=11 (full 0):
 PSYoungGen      total 277696K, used 273601K [0x0000000145d90000, 0x0000000157fb0000, 0x0000000160ee0000)
  eden space 260800K, 100% used [0x0000000145d90000,0x0000000155c40000,0x0000000155c40000)
  from space 16896K, 75% used [0x0000000156d90000,0x0000000157a10708,0x0000000157e10000)
  to   space 17728K, 0% used [0x0000000155c40000,0x0000000155c40000,0x0000000156d90000)
 ParOldGen       total 55424K, used 30993K [0x000000010fae0000, 0x0000000113100000, 0x0000000145d90000)
  object space 55424K, 55% used [0x000000010fae0000,0x00000001119244b0,0x0000000113100000)
 PSPermGen       total 53312K, used 53185K [0x000000010a8e0000, 0x000000010dcf0000, 0x000000010fae0000)
  object space 53312K, 99% used [0x000000010a8e0000,0x000000010dcd0588,0x000000010dcf0000)
Event: 9.184 GC heap after
Heap after GC invocations=11 (full 0):
 PSYoungGen      total 278528K, used 15265K [0x0000000145d90000, 0x0000000160ee0000, 0x0000000160ee0000)
  eden space 260800K, 0% used [0x0000000145d90000,0x0000000145d90000,0x0000000155c40000)
  from space 17728K, 86% used [0x0000000155c40000,0x0000000156b28740,0x0000000156d90000)
  to   space 19264K, 0% used [0x000000015fc10000,0x000000015fc10000,0x0000000160ee0000)
 ParOldGen       total 55424K, used 42582K [0x000000010fae0000, 0x0000000113100000, 0x0000000145d90000)
  object space 55424K, 76% used [0x000000010fae0000,0x0000000112475bf8,0x0000000113100000)
 PSPermGen       total 53312K, used 53185K [0x000000010a8e0000, 0x000000010dcf0000, 0x000000010fae0000)
  object space 53312K, 99% used [0x000000010a8e0000,0x000000010dcd0588,0x000000010dcf0000)
}

