# JRE version: 7.0_10-b18
# Java VM: Java HotSpot(TM) 64-Bit Server VM (23.6-b04 mixed mode bsd-amd64 compressed oops)
Heap
 PSYoungGen      total 276736K, used 49717K [0x0000000142540000, 0x000000015d5e0000, 0x000000015d5e0000)
  eden space 259520K, 13% used [0x0000000142540000,0x00000001446b6100,0x00000001522b0000)
  from space 17216K, 89% used [0x00000001522b0000,0x00000001531c7320,0x0000000153380000)
  to   space 18944K, 0% used [0x000000015c360000,0x000000015c360000,0x000000015d5e0000)
 ParOldGen       total 55360K, used 38707K [0x000000010c3e0000, 0x000000010f9f0000, 0x0000000142540000)
  object space 55360K, 69% used [0x000000010c3e0000,0x000000010e9acdf8,0x000000010f9f0000)
 PSPermGen       total 55232K, used 55091K [0x00000001071e0000, 0x000000010a7d0000, 0x000000010c3e0000)
  object space 55232K, 99% used [0x00000001071e0000,0x000000010a7acc78,0x000000010a7d0000)
GC Heap History (10 events):
Event: 3.430 GC heap before
{Heap before GC invocations=7 (full 0):
 PSYoungGen      total 89152K, used 88181K [0x0000000142540000, 0x0000000148260000, 0x000000015d5e0000)
  eden space 82944K, 100% used [0x0000000142540000,0x0000000147640000,0x0000000147640000)
  from space 6208K, 84% used [0x0000000147c50000,0x000000014816d478,0x0000000148260000)
  to   space 6208K, 0% used [0x0000000147640000,0x0000000147640000,0x0000000147c50000)
 ParOldGen       total 55360K, used 6849K [0x000000010c3e0000, 0x000000010f9f0000, 0x0000000142540000)
  object space 55360K, 12% used [0x000000010c3e0000,0x000000010ca905b0,0x000000010f9f0000)
 PSPermGen       total 21248K, used 18253K [0x00000001071e0000, 0x00000001086a0000, 0x000000010c3e0000)
  object space 21248K, 85% used [0x00000001071e0000,0x00000001083b34c0,0x00000001086a0000)
Event: 3.440 GC heap after
Heap after GC invocations=7 (full 0):
 PSYoungGen      total 89152K, used 6204K [0x0000000142540000, 0x000000014d9c0000, 0x000000015d5e0000)
  eden space 82944K, 0% used [0x0000000142540000,0x0000000142540000,0x0000000147640000)
  from space 6208K, 99% used [0x0000000147640000,0x0000000147c4f160,0x0000000147c50000)
  to   space 9472K, 0% used [0x000000014d080000,0x000000014d080000,0x000000014d9c0000)
 ParOldGen       total 55360K, used 12349K [0x000000010c3e0000, 0x000000010f9f0000, 0x0000000142540000)
  object space 55360K, 22% used [0x000000010c3e0000,0x000000010cfef6d0,0x000000010f9f0000)
 PSPermGen       total 21248K, used 18253K [0x00000001071e0000, 0x00000001086a0000, 0x000000010c3e0000)
  object space 21248K, 85% used [0x00000001071e0000,0x00000001083b34c0,0x00000001086a0000)
}
Event: 4.208 GC heap before
{Heap before GC invocations=8 (full 0):
 PSYoungGen      total 89152K, used 89148K [0x0000000142540000, 0x000000014d9c0000, 0x000000015d5e0000)
  eden space 82944K, 100% used [0x0000000142540000,0x0000000147640000,0x0000000147640000)
  from space 6208K, 99% used [0x0000000147640000,0x0000000147c4f160,0x0000000147c50000)
  to   space 9472K, 0% used [0x000000014d080000,0x000000014d080000,0x000000014d9c0000)
 ParOldGen       total 55360K, used 12349K [0x000000010c3e0000, 0x000000010f9f0000, 0x0000000142540000)
  object space 55360K, 22% used [0x000000010c3e0000,0x000000010cfef6d0,0x000000010f9f0000)
 PSPermGen       total 21248K, used 18508K [0x00000001071e0000, 0x00000001086a0000, 0x000000010c3e0000)
  object space 21248K, 87% used [0x00000001071e0000,0x00000001083f3050,0x00000001086a0000)
Event: 4.221 GC heap after
Heap after GC invocations=8 (full 0):
 PSYoungGen      total 172672K, used 9452K [0x0000000142540000, 0x000000014df00000, 0x000000015d5e0000)
  eden space 163200K, 0% used [0x0000000142540000,0x0000000142540000,0x000000014c4a0000)
  from space 9472K, 99% used [0x000000014d080000,0x000000014d9bb190,0x000000014d9c0000)
  to   space 12160K, 0% used [0x000000014c4a0000,0x000000014c4a0000,0x000000014d080000)
 ParOldGen       total 55360K, used 15849K [0x000000010c3e0000, 0x000000010f9f0000, 0x0000000142540000)
  object space 55360K, 28% used [0x000000010c3e0000,0x000000010d35a418,0x000000010f9f0000)
 PSPermGen       total 21248K, used 18508K [0x00000001071e0000, 0x00000001086a0000, 0x000000010c3e0000)
  object space 21248K, 87% used [0x00000001071e0000,0x00000001083f3050,0x00000001086a0000)
}
Event: 5.836 GC heap before
{Heap before GC invocations=9 (full 0):
 PSYoungGen      total 172672K, used 172652K [0x0000000142540000, 0x000000014df00000, 0x000000015d5e0000)
  eden space 163200K, 100% used [0x0000000142540000,0x000000014c4a0000,0x000000014c4a0000)
  from space 9472K, 99% used [0x000000014d080000,0x000000014d9bb190,0x000000014d9c0000)
  to   space 12160K, 0% used [0x000000014c4a0000,0x000000014c4a0000,0x000000014d080000)
 ParOldGen       total 55360K, used 15849K [0x000000010c3e0000, 0x000000010f9f0000, 0x0000000142540000)
  object space 55360K, 28% used [0x000000010c3e0000,0x000000010d35a418,0x000000010f9f0000)
 PSPermGen       total 29504K, used 29336K [0x00000001071e0000, 0x0000000108eb0000, 0x000000010c3e0000)
  object space 29504K, 99% used [0x00000001071e0000,0x0000000108e86018,0x0000000108eb0000)
Event: 5.858 GC heap after
Heap after GC invocations=9 (full 0):
 PSYoungGen      total 175360K, used 12133K [0x0000000142540000, 0x00000001542c0000, 0x000000015d5e0000)
  eden space 163200K, 0% used [0x0000000142540000,0x0000000142540000,0x000000014c4a0000)
  from space 12160K, 99% used [0x000000014c4a0000,0x000000014d0797e0,0x000000014d080000)
  to   space 15616K, 0% used [0x0000000153380000,0x0000000153380000,0x00000001542c0000)
 ParOldGen       total 55360K, used 20423K [0x000000010c3e0000, 0x000000010f9f0000, 0x0000000142540000)
  object space 55360K, 36% used [0x000000010c3e0000,0x000000010d7d1d58,0x000000010f9f0000)
 PSPermGen       total 29504K, used 29336K [0x00000001071e0000, 0x0000000108eb0000, 0x000000010c3e0000)
  object space 29504K, 99% used [0x00000001071e0000,0x0000000108e86018,0x0000000108eb0000)
}
Event: 6.624 GC heap before
{Heap before GC invocations=10 (full 0):
 PSYoungGen      total 175360K, used 175333K [0x0000000142540000, 0x00000001542c0000, 0x000000015d5e0000)
  eden space 163200K, 100% used [0x0000000142540000,0x000000014c4a0000,0x000000014c4a0000)
  from space 12160K, 99% used [0x000000014c4a0000,0x000000014d0797e0,0x000000014d080000)
  to   space 15616K, 0% used [0x0000000153380000,0x0000000153380000,0x00000001542c0000)
 ParOldGen       total 55360K, used 20423K [0x000000010c3e0000, 0x000000010f9f0000, 0x0000000142540000)
  object space 55360K, 36% used [0x000000010c3e0000,0x000000010d7d1d58,0x000000010f9f0000)
 PSPermGen       total 32384K, used 32326K [0x00000001071e0000, 0x0000000109180000, 0x000000010c3e0000)
  object space 32384K, 99% used [0x00000001071e0000,0x0000000109171a18,0x0000000109180000)
Event: 6.650 GC heap after
Heap after GC invocations=10 (full 0):
 PSYoungGen      total 275136K, used 14258K [0x0000000142540000, 0x00000001545e0000, 0x000000015d5e0000)
  eden space 259520K, 0% used [0x0000000142540000,0x0000000142540000,0x00000001522b0000)
  from space 15616K, 91% used [0x0000000153380000,0x000000015416ca90,0x00000001542c0000)
  to   space 17216K, 0% used [0x00000001522b0000,0x00000001522b0000,0x0000000153380000)
 ParOldGen       total 55360K, used 26272K [0x000000010c3e0000, 0x000000010f9f0000, 0x0000000142540000)
  object space 55360K, 47% used [0x000000010c3e0000,0x000000010dd88030,0x000000010f9f0000)
 PSPermGen       total 32384K, used 32326K [0x00000001071e0000, 0x0000000109180000, 0x000000010c3e0000)
  object space 32384K, 99% used [0x00000001071e0000,0x0000000109171a18,0x0000000109180000)
}
Event: 8.689 GC heap before
{Heap before GC invocations=11 (full 0):
 PSYoungGen      total 275136K, used 273778K [0x0000000142540000, 0x00000001545e0000, 0x000000015d5e0000)
  eden space 259520K, 100% used [0x0000000142540000,0x00000001522b0000,0x00000001522b0000)
  from space 15616K, 91% used [0x0000000153380000,0x000000015416ca90,0x00000001542c0000)
  to   space 17216K, 0% used [0x00000001522b0000,0x00000001522b0000,0x0000000153380000)
 ParOldGen       total 55360K, used 26272K [0x000000010c3e0000, 0x000000010f9f0000, 0x0000000142540000)
  object space 55360K, 47% used [0x000000010c3e0000,0x000000010dd88030,0x000000010f9f0000)
 PSPermGen       total 54464K, used 54278K [0x00000001071e0000, 0x000000010a710000, 0x000000010c3e0000)
  object space 54464K, 99% used [0x00000001071e0000,0x000000010a6e19e8,0x000000010a710000)
Event: 8.718 GC heap after
Heap after GC invocations=11 (full 0):
 PSYoungGen      total 276736K, used 15452K [0x0000000142540000, 0x000000015d5e0000, 0x000000015d5e0000)
  eden space 259520K, 0% used [0x0000000142540000,0x0000000142540000,0x00000001522b0000)
  from space 17216K, 89% used [0x00000001522b0000,0x00000001531c7320,0x0000000153380000)
  to   space 18944K, 0% used [0x000000015c360000,0x000000015c360000,0x000000015d5e0000)
 ParOldGen       total 55360K, used 38707K [0x000000010c3e0000, 0x000000010f9f0000, 0x0000000142540000)
  object space 55360K, 69% used [0x000000010c3e0000,0x000000010e9acdf8,0x000000010f9f0000)
 PSPermGen       total 54464K, used 54278K [0x00000001071e0000, 0x000000010a710000, 0x000000010c3e0000)
  object space 54464K, 99% used [0x00000001071e0000,0x000000010a6e19e8,0x000000010a710000)
}

