# JRE version: 7.0_10-b18
# Java VM: Java HotSpot(TM) 64-Bit Server VM (23.6-b04 mixed mode bsd-amd64 compressed oops)
Heap
 PSYoungGen      total 277760K, used 31560K [0x00000007e4f60000, 0x0000000800000000, 0x0000000800000000)
  eden space 259648K, 6% used [0x00000007e4f60000,0x00000007e5f77138,0x00000007f4cf0000)
  from space 18112K, 83% used [0x00000007f4cf0000,0x00000007f5bab1d8,0x00000007f5ea0000)
  to   space 19520K, 0% used [0x00000007fecf0000,0x00000007fecf0000,0x0000000800000000)
 ParOldGen       total 55424K, used 43007K [0x00000007aee00000, 0x00000007b2420000, 0x00000007e4f60000)
  object space 55424K, 77% used [0x00000007aee00000,0x00000007b17ffc68,0x00000007b2420000)
 PSPermGen       total 54848K, used 54738K [0x00000007a9c00000, 0x00000007ad190000, 0x00000007aee00000)
  object space 54848K, 99% used [0x00000007a9c00000,0x00000007ad1748f0,0x00000007ad190000)
GC Heap History (10 events):
Event: 3.163 GC heap before
{Heap before GC invocations=7 (full 0):
 PSYoungGen      total 89792K, used 88234K [0x00000007e4f60000, 0x00000007eae40000, 0x0000000800000000)
  eden space 82944K, 100% used [0x00000007e4f60000,0x00000007ea060000,0x00000007ea060000)
  from space 6848K, 77% used [0x00000007ea790000,0x00000007eacbab00,0x00000007eae40000)
  to   space 7104K, 0% used [0x00000007ea060000,0x00000007ea060000,0x00000007ea750000)
 ParOldGen       total 55424K, used 10688K [0x00000007aee00000, 0x00000007b2420000, 0x00000007e4f60000)
  object space 55424K, 19% used [0x00000007aee00000,0x00000007af870228,0x00000007b2420000)
 PSPermGen       total 21248K, used 18248K [0x00000007a9c00000, 0x00000007ab0c0000, 0x00000007aee00000)
  object space 21248K, 85% used [0x00000007a9c00000,0x00000007aadd2198,0x00000007ab0c0000)
Event: 3.174 GC heap after
Heap after GC invocations=7 (full 0):
 PSYoungGen      total 90048K, used 7090K [0x00000007e4f60000, 0x00000007f0560000, 0x0000000800000000)
  eden space 82944K, 0% used [0x00000007e4f60000,0x00000007e4f60000,0x00000007ea060000)
  from space 7104K, 99% used [0x00000007ea060000,0x00000007ea74cb20,0x00000007ea750000)
  to   space 10240K, 0% used [0x00000007efb60000,0x00000007efb60000,0x00000007f0560000)
 ParOldGen       total 55424K, used 15463K [0x00000007aee00000, 0x00000007b2420000, 0x00000007e4f60000)
  object space 55424K, 27% used [0x00000007aee00000,0x00000007afd19e70,0x00000007b2420000)
 PSPermGen       total 21248K, used 18248K [0x00000007a9c00000, 0x00000007ab0c0000, 0x00000007aee00000)
  object space 21248K, 85% used [0x00000007a9c00000,0x00000007aadd2198,0x00000007ab0c0000)
}
Event: 3.924 GC heap before
{Heap before GC invocations=8 (full 0):
 PSYoungGen      total 90048K, used 90034K [0x00000007e4f60000, 0x00000007f0560000, 0x0000000800000000)
  eden space 82944K, 100% used [0x00000007e4f60000,0x00000007ea060000,0x00000007ea060000)
  from space 7104K, 99% used [0x00000007ea060000,0x00000007ea74cb20,0x00000007ea750000)
  to   space 10240K, 0% used [0x00000007efb60000,0x00000007efb60000,0x00000007f0560000)
 ParOldGen       total 55424K, used 15463K [0x00000007aee00000, 0x00000007b2420000, 0x00000007e4f60000)
  object space 55424K, 27% used [0x00000007aee00000,0x00000007afd19e70,0x00000007b2420000)
 PSPermGen       total 21248K, used 18510K [0x00000007a9c00000, 0x00000007ab0c0000, 0x00000007aee00000)
  object space 21248K, 87% used [0x00000007a9c00000,0x00000007aae13908,0x00000007ab0c0000)
Event: 3.937 GC heap after
Heap after GC invocations=8 (full 0):
 PSYoungGen      total 173312K, used 10221K [0x00000007e4f60000, 0x00000007f0ae0000, 0x0000000800000000)
  eden space 163072K, 0% used [0x00000007e4f60000,0x00000007e4f60000,0x00000007eeea0000)
  from space 10240K, 99% used [0x00000007efb60000,0x00000007f055b528,0x00000007f0560000)
  to   space 13056K, 0% used [0x00000007eeea0000,0x00000007eeea0000,0x00000007efb60000)
 ParOldGen       total 55424K, used 19020K [0x00000007aee00000, 0x00000007b2420000, 0x00000007e4f60000)
  object space 55424K, 34% used [0x00000007aee00000,0x00000007b0093028,0x00000007b2420000)
 PSPermGen       total 21248K, used 18510K [0x00000007a9c00000, 0x00000007ab0c0000, 0x00000007aee00000)
  object space 21248K, 87% used [0x00000007a9c00000,0x00000007aae13908,0x00000007ab0c0000)
}
Event: 5.573 GC heap before
{Heap before GC invocations=9 (full 0):
 PSYoungGen      total 173312K, used 173293K [0x00000007e4f60000, 0x00000007f0ae0000, 0x0000000800000000)
  eden space 163072K, 100% used [0x00000007e4f60000,0x00000007eeea0000,0x00000007eeea0000)
  from space 10240K, 99% used [0x00000007efb60000,0x00000007f055b528,0x00000007f0560000)
  to   space 13056K, 0% used [0x00000007eeea0000,0x00000007eeea0000,0x00000007efb60000)
 ParOldGen       total 55424K, used 19020K [0x00000007aee00000, 0x00000007b2420000, 0x00000007e4f60000)
  object space 55424K, 34% used [0x00000007aee00000,0x00000007b0093028,0x00000007b2420000)
 PSPermGen       total 29888K, used 29702K [0x00000007a9c00000, 0x00000007ab930000, 0x00000007aee00000)
  object space 29888K, 99% used [0x00000007a9c00000,0x00000007ab901a48,0x00000007ab930000)
Event: 5.596 GC heap after
Heap after GC invocations=9 (full 0):
 PSYoungGen      total 176128K, used 13037K [0x00000007e4f60000, 0x00000007f6f10000, 0x0000000800000000)
  eden space 163072K, 0% used [0x00000007e4f60000,0x00000007e4f60000,0x00000007eeea0000)
  from space 13056K, 99% used [0x00000007eeea0000,0x00000007efb5b428,0x00000007efb60000)
  to   space 16832K, 0% used [0x00000007f5ea0000,0x00000007f5ea0000,0x00000007f6f10000)
 ParOldGen       total 55424K, used 23913K [0x00000007aee00000, 0x00000007b2420000, 0x00000007e4f60000)
  object space 55424K, 43% used [0x00000007aee00000,0x00000007b055a670,0x00000007b2420000)
 PSPermGen       total 29888K, used 29702K [0x00000007a9c00000, 0x00000007ab930000, 0x00000007aee00000)
  object space 29888K, 99% used [0x00000007a9c00000,0x00000007ab901a48,0x00000007ab930000)
}
Event: 6.390 GC heap before
{Heap before GC invocations=10 (full 0):
 PSYoungGen      total 176128K, used 176109K [0x00000007e4f60000, 0x00000007f6f10000, 0x0000000800000000)
  eden space 163072K, 100% used [0x00000007e4f60000,0x00000007eeea0000,0x00000007eeea0000)
  from space 13056K, 99% used [0x00000007eeea0000,0x00000007efb5b428,0x00000007efb60000)
  to   space 16832K, 0% used [0x00000007f5ea0000,0x00000007f5ea0000,0x00000007f6f10000)
 ParOldGen       total 55424K, used 23913K [0x00000007aee00000, 0x00000007b2420000, 0x00000007e4f60000)
  object space 55424K, 43% used [0x00000007aee00000,0x00000007b055a670,0x00000007b2420000)
 PSPermGen       total 32384K, used 32313K [0x00000007a9c00000, 0x00000007abba0000, 0x00000007aee00000)
  object space 32384K, 99% used [0x00000007a9c00000,0x00000007abb8e680,0x00000007abba0000)
Event: 6.409 GC heap after
Heap after GC invocations=10 (full 0):
 PSYoungGen      total 276480K, used 14077K [0x00000007e4f60000, 0x00000007f7190000, 0x0000000800000000)
  eden space 259648K, 0% used [0x00000007e4f60000,0x00000007e4f60000,0x00000007f4cf0000)
  from space 16832K, 83% used [0x00000007f5ea0000,0x00000007f6c5f7d0,0x00000007f6f10000)
  to   space 18112K, 0% used [0x00000007f4cf0000,0x00000007f4cf0000,0x00000007f5ea0000)
 ParOldGen       total 55424K, used 30480K [0x00000007aee00000, 0x00000007b2420000, 0x00000007e4f60000)
  object space 55424K, 54% used [0x00000007aee00000,0x00000007b0bc43d0,0x00000007b2420000)
 PSPermGen       total 32384K, used 32313K [0x00000007a9c00000, 0x00000007abba0000, 0x00000007aee00000)
  object space 32384K, 99% used [0x00000007a9c00000,0x00000007abb8e680,0x00000007abba0000)
}
Event: 8.336 GC heap before
{Heap before GC invocations=11 (full 0):
 PSYoungGen      total 276480K, used 273725K [0x00000007e4f60000, 0x00000007f7190000, 0x0000000800000000)
  eden space 259648K, 100% used [0x00000007e4f60000,0x00000007f4cf0000,0x00000007f4cf0000)
  from space 16832K, 83% used [0x00000007f5ea0000,0x00000007f6c5f7d0,0x00000007f6f10000)
  to   space 18112K, 0% used [0x00000007f4cf0000,0x00000007f4cf0000,0x00000007f5ea0000)
 ParOldGen       total 55424K, used 30480K [0x00000007aee00000, 0x00000007b2420000, 0x00000007e4f60000)
  object space 55424K, 54% used [0x00000007aee00000,0x00000007b0bc43d0,0x00000007b2420000)
 PSPermGen       total 53312K, used 53265K [0x00000007a9c00000, 0x00000007ad010000, 0x00000007aee00000)
  object space 53312K, 99% used [0x00000007a9c00000,0x00000007ad004740,0x00000007ad010000)
Event: 8.360 GC heap after
Heap after GC invocations=11 (full 0):
 PSYoungGen      total 277760K, used 15084K [0x00000007e4f60000, 0x0000000800000000, 0x0000000800000000)
  eden space 259648K, 0% used [0x00000007e4f60000,0x00000007e4f60000,0x00000007f4cf0000)
  from space 18112K, 83% used [0x00000007f4cf0000,0x00000007f5bab1d8,0x00000007f5ea0000)
  to   space 19520K, 0% used [0x00000007fecf0000,0x00000007fecf0000,0x0000000800000000)
 ParOldGen       total 55424K, used 43007K [0x00000007aee00000, 0x00000007b2420000, 0x00000007e4f60000)
  object space 55424K, 77% used [0x00000007aee00000,0x00000007b17ffc68,0x00000007b2420000)
 PSPermGen       total 53312K, used 53265K [0x00000007a9c00000, 0x00000007ad010000, 0x00000007aee00000)
  object space 53312K, 99% used [0x00000007a9c00000,0x00000007ad004740,0x00000007ad010000)
}

