# JRE version: 7.0_10-b18
# Java VM: Java HotSpot(TM) 64-Bit Server VM (23.6-b04 mixed mode bsd-amd64 compressed oops)
Heap
 PSYoungGen      total 278272K, used 56190K [0x0000000145730000, 0x00000001607d0000, 0x00000001607d0000)
  eden space 259584K, 15% used [0x0000000145730000,0x0000000147edb5b8,0x00000001554b0000)
  from space 18688K, 83% used [0x00000001554b0000,0x00000001563e4288,0x00000001566f0000)
  to   space 20160K, 0% used [0x000000015f420000,0x000000015f420000,0x00000001607d0000)
 ParOldGen       total 55360K, used 41411K [0x000000010f5d0000, 0x0000000112be0000, 0x0000000145730000)
  object space 55360K, 74% used [0x000000010f5d0000,0x0000000111e40dc8,0x0000000112be0000)
 PSPermGen       total 55232K, used 55113K [0x000000010a3d0000, 0x000000010d9c0000, 0x000000010f5d0000)
  object space 55232K, 99% used [0x000000010a3d0000,0x000000010d9a2428,0x000000010d9c0000)
GC Heap History (10 events):
Event: 3.350 GC heap before
{Heap before GC invocations=7 (full 0):
 PSYoungGen      total 90368K, used 88213K [0x0000000145730000, 0x000000014b790000, 0x00000001607d0000)
  eden space 82944K, 100% used [0x0000000145730000,0x000000014a830000,0x000000014a830000)
  from space 7424K, 70% used [0x000000014b050000,0x000000014b575488,0x000000014b790000)
  to   space 7872K, 0% used [0x000000014a830000,0x000000014a830000,0x000000014afe0000)
 ParOldGen       total 55360K, used 9754K [0x000000010f5d0000, 0x0000000112be0000, 0x0000000145730000)
  object space 55360K, 17% used [0x000000010f5d0000,0x000000010ff56a78,0x0000000112be0000)
 PSPermGen       total 21248K, used 18276K [0x000000010a3d0000, 0x000000010b890000, 0x000000010f5d0000)
  object space 21248K, 86% used [0x000000010a3d0000,0x000000010b5a9390,0x000000010b890000)
Event: 3.361 GC heap after
Heap after GC invocations=7 (full 0):
 PSYoungGen      total 90816K, used 7840K [0x0000000145730000, 0x0000000150e50000, 0x00000001607d0000)
  eden space 82944K, 0% used [0x0000000145730000,0x0000000145730000,0x000000014a830000)
  from space 7872K, 99% used [0x000000014a830000,0x000000014afd8358,0x000000014afe0000)
  to   space 10816K, 0% used [0x00000001503c0000,0x00000001503c0000,0x0000000150e50000)
 ParOldGen       total 55360K, used 13832K [0x000000010f5d0000, 0x0000000112be0000, 0x0000000145730000)
  object space 55360K, 24% used [0x000000010f5d0000,0x00000001103520b0,0x0000000112be0000)
 PSPermGen       total 21248K, used 18276K [0x000000010a3d0000, 0x000000010b890000, 0x000000010f5d0000)
  object space 21248K, 86% used [0x000000010a3d0000,0x000000010b5a9390,0x000000010b890000)
}
Event: 4.112 GC heap before
{Heap before GC invocations=8 (full 0):
 PSYoungGen      total 90816K, used 90784K [0x0000000145730000, 0x0000000150e50000, 0x00000001607d0000)
  eden space 82944K, 100% used [0x0000000145730000,0x000000014a830000,0x000000014a830000)
  from space 7872K, 99% used [0x000000014a830000,0x000000014afd8358,0x000000014afe0000)
  to   space 10816K, 0% used [0x00000001503c0000,0x00000001503c0000,0x0000000150e50000)
 ParOldGen       total 55360K, used 13832K [0x000000010f5d0000, 0x0000000112be0000, 0x0000000145730000)
  object space 55360K, 24% used [0x000000010f5d0000,0x00000001103520b0,0x0000000112be0000)
 PSPermGen       total 21248K, used 18536K [0x000000010a3d0000, 0x000000010b890000, 0x000000010f5d0000)
  object space 21248K, 87% used [0x000000010a3d0000,0x000000010b5ea0e0,0x000000010b890000)
Event: 4.125 GC heap after
Heap after GC invocations=8 (full 0):
 PSYoungGen      total 173696K, used 10807K [0x0000000145730000, 0x0000000151430000, 0x00000001607d0000)
  eden space 162880K, 0% used [0x0000000145730000,0x0000000145730000,0x000000014f640000)
  from space 10816K, 99% used [0x00000001503c0000,0x0000000150e4dc48,0x0000000150e50000)
  to   space 13824K, 0% used [0x000000014f640000,0x000000014f640000,0x00000001503c0000)
 ParOldGen       total 55360K, used 17428K [0x000000010f5d0000, 0x0000000112be0000, 0x0000000145730000)
  object space 55360K, 31% used [0x000000010f5d0000,0x00000001106d52e8,0x0000000112be0000)
 PSPermGen       total 21248K, used 18536K [0x000000010a3d0000, 0x000000010b890000, 0x000000010f5d0000)
  object space 21248K, 87% used [0x000000010a3d0000,0x000000010b5ea0e0,0x000000010b890000)
}
Event: 5.573 GC heap before
{Heap before GC invocations=9 (full 0):
 PSYoungGen      total 173696K, used 173687K [0x0000000145730000, 0x0000000151430000, 0x00000001607d0000)
  eden space 162880K, 100% used [0x0000000145730000,0x000000014f640000,0x000000014f640000)
  from space 10816K, 99% used [0x00000001503c0000,0x0000000150e4dc48,0x0000000150e50000)
  to   space 13824K, 0% used [0x000000014f640000,0x000000014f640000,0x00000001503c0000)
 ParOldGen       total 55360K, used 17428K [0x000000010f5d0000, 0x0000000112be0000, 0x0000000145730000)
  object space 55360K, 31% used [0x000000010f5d0000,0x00000001106d52e8,0x0000000112be0000)
 PSPermGen       total 29888K, used 29722K [0x000000010a3d0000, 0x000000010c100000, 0x000000010f5d0000)
  object space 29888K, 99% used [0x000000010a3d0000,0x000000010c0d6b68,0x000000010c100000)
Event: 5.593 GC heap after
Heap after GC invocations=9 (full 0):
 PSYoungGen      total 176704K, used 13814K [0x0000000145730000, 0x0000000157830000, 0x00000001607d0000)
  eden space 162880K, 0% used [0x0000000145730000,0x0000000145730000,0x000000014f640000)
  from space 13824K, 99% used [0x000000014f640000,0x00000001503bd910,0x00000001503c0000)
  to   space 17664K, 0% used [0x00000001566f0000,0x00000001566f0000,0x0000000157830000)
 ParOldGen       total 55360K, used 22041K [0x000000010f5d0000, 0x0000000112be0000, 0x0000000145730000)
  object space 55360K, 39% used [0x000000010f5d0000,0x0000000110b56698,0x0000000112be0000)
 PSPermGen       total 29888K, used 29722K [0x000000010a3d0000, 0x000000010c100000, 0x000000010f5d0000)
  object space 29888K, 99% used [0x000000010a3d0000,0x000000010c0d6b68,0x000000010c100000)
}
Event: 6.362 GC heap before
{Heap before GC invocations=10 (full 0):
 PSYoungGen      total 176704K, used 176694K [0x0000000145730000, 0x0000000157830000, 0x00000001607d0000)
  eden space 162880K, 100% used [0x0000000145730000,0x000000014f640000,0x000000014f640000)
  from space 13824K, 99% used [0x000000014f640000,0x00000001503bd910,0x00000001503c0000)
  to   space 17664K, 0% used [0x00000001566f0000,0x00000001566f0000,0x0000000157830000)
 ParOldGen       total 55360K, used 22041K [0x000000010f5d0000, 0x0000000112be0000, 0x0000000145730000)
  object space 55360K, 39% used [0x000000010f5d0000,0x0000000110b56698,0x0000000112be0000)
 PSPermGen       total 32384K, used 32351K [0x000000010a3d0000, 0x000000010c370000, 0x000000010f5d0000)
  object space 32384K, 99% used [0x000000010a3d0000,0x000000010c367fc8,0x000000010c370000)
Event: 6.385 GC heap after
Heap after GC invocations=10 (full 0):
 PSYoungGen      total 277248K, used 13852K [0x0000000145730000, 0x0000000157a30000, 0x00000001607d0000)
  eden space 259584K, 0% used [0x0000000145730000,0x0000000145730000,0x00000001554b0000)
  from space 17664K, 78% used [0x00000001566f0000,0x0000000157477170,0x0000000157830000)
  to   space 18688K, 0% used [0x00000001554b0000,0x00000001554b0000,0x00000001566f0000)
 ParOldGen       total 55360K, used 29237K [0x000000010f5d0000, 0x0000000112be0000, 0x0000000145730000)
  object space 55360K, 52% used [0x000000010f5d0000,0x000000011125d558,0x0000000112be0000)
 PSPermGen       total 32384K, used 32351K [0x000000010a3d0000, 0x000000010c370000, 0x000000010f5d0000)
  object space 32384K, 99% used [0x000000010a3d0000,0x000000010c367fc8,0x000000010c370000)
}
Event: 8.292 GC heap before
{Heap before GC invocations=11 (full 0):
 PSYoungGen      total 277248K, used 273436K [0x0000000145730000, 0x0000000157a30000, 0x00000001607d0000)
  eden space 259584K, 100% used [0x0000000145730000,0x00000001554b0000,0x00000001554b0000)
  from space 17664K, 78% used [0x00000001566f0000,0x0000000157477170,0x0000000157830000)
  to   space 18688K, 0% used [0x00000001554b0000,0x00000001554b0000,0x00000001566f0000)
 ParOldGen       total 55360K, used 29237K [0x000000010f5d0000, 0x0000000112be0000, 0x0000000145730000)
  object space 55360K, 52% used [0x000000010f5d0000,0x000000011125d558,0x0000000112be0000)
 PSPermGen       total 53312K, used 53173K [0x000000010a3d0000, 0x000000010d7e0000, 0x000000010f5d0000)
  object space 53312K, 99% used [0x000000010a3d0000,0x000000010d7bd538,0x000000010d7e0000)
Event: 8.318 GC heap after
Heap after GC invocations=11 (full 0):
 PSYoungGen      total 278272K, used 15568K [0x0000000145730000, 0x00000001607d0000, 0x00000001607d0000)
  eden space 259584K, 0% used [0x0000000145730000,0x0000000145730000,0x00000001554b0000)
  from space 18688K, 83% used [0x00000001554b0000,0x00000001563e4288,0x00000001566f0000)
  to   space 20160K, 0% used [0x000000015f420000,0x000000015f420000,0x00000001607d0000)
 ParOldGen       total 55360K, used 41411K [0x000000010f5d0000, 0x0000000112be0000, 0x0000000145730000)
  object space 55360K, 74% used [0x000000010f5d0000,0x0000000111e40dc8,0x0000000112be0000)
 PSPermGen       total 53312K, used 53173K [0x000000010a3d0000, 0x000000010d7e0000, 0x000000010f5d0000)
  object space 53312K, 99% used [0x000000010a3d0000,0x000000010d7bd538,0x000000010d7e0000)
}

