# JRE version: 7.0_10-b18
# Java VM: Java HotSpot(TM) 64-Bit Server VM (23.6-b04 mixed mode bsd-amd64 compressed oops)
Heap
 PSYoungGen      total 278656K, used 27597K [0x000000014b5c0000, 0x0000000166710000, 0x0000000166710000)
  eden space 262656K, 4% used [0x000000014b5c0000,0x000000014c1979d8,0x000000015b640000)
  from space 16000K, 96% used [0x000000015b640000,0x000000015c55bd48,0x000000015c5e0000)
  to   space 17984K, 0% used [0x0000000165580000,0x0000000165580000,0x0000000166710000)
 ParOldGen       total 55424K, used 36854K [0x0000000115310000, 0x0000000118930000, 0x000000014b5c0000)
  object space 55424K, 66% used [0x0000000115310000,0x000000011770d878,0x0000000118930000)
 PSPermGen       total 54848K, used 54769K [0x0000000110110000, 0x00000001136a0000, 0x0000000115310000)
  object space 54848K, 99% used [0x0000000110110000,0x000000011368c568,0x00000001136a0000)
GC Heap History (10 events):
Event: 3.053 GC heap before
{Heap before GC invocations=7 (full 0):
 PSYoungGen      total 89536K, used 88373K [0x000000014b5c0000, 0x0000000151360000, 0x0000000166710000)
  eden space 83200K, 100% used [0x000000014b5c0000,0x0000000150700000,0x0000000150700000)
  from space 6336K, 81% used [0x0000000150d30000,0x000000015123d468,0x0000000151360000)
  to   space 6336K, 0% used [0x0000000150700000,0x0000000150700000,0x0000000150d30000)
 ParOldGen       total 55424K, used 8887K [0x0000000115310000, 0x0000000118930000, 0x000000014b5c0000)
  object space 55424K, 16% used [0x0000000115310000,0x0000000115bbdd88,0x0000000118930000)
 PSPermGen       total 21248K, used 18251K [0x0000000110110000, 0x00000001115d0000, 0x0000000115310000)
  object space 21248K, 85% used [0x0000000110110000,0x00000001112e2ee0,0x00000001115d0000)
Event: 3.065 GC heap after
Heap after GC invocations=7 (full 0):
 PSYoungGen      total 89536K, used 6319K [0x000000014b5c0000, 0x0000000156b00000, 0x0000000166710000)
  eden space 83200K, 0% used [0x000000014b5c0000,0x000000014b5c0000,0x0000000150700000)
  from space 6336K, 99% used [0x0000000150700000,0x0000000150d2bd88,0x0000000150d30000)
  to   space 9600K, 0% used [0x00000001561a0000,0x00000001561a0000,0x0000000156b00000)
 ParOldGen       total 55424K, used 14406K [0x0000000115310000, 0x0000000118930000, 0x000000014b5c0000)
  object space 55424K, 25% used [0x0000000115310000,0x0000000116121808,0x0000000118930000)
 PSPermGen       total 21248K, used 18251K [0x0000000110110000, 0x00000001115d0000, 0x0000000115310000)
  object space 21248K, 85% used [0x0000000110110000,0x00000001112e2ee0,0x00000001115d0000)
}
Event: 3.829 GC heap before
{Heap before GC invocations=8 (full 0):
 PSYoungGen      total 89536K, used 89285K [0x000000014b5c0000, 0x0000000156b00000, 0x0000000166710000)
  eden space 83200K, 99% used [0x000000014b5c0000,0x00000001506c5790,0x0000000150700000)
  from space 6336K, 99% used [0x0000000150700000,0x0000000150d2bd88,0x0000000150d30000)
  to   space 9600K, 0% used [0x00000001561a0000,0x00000001561a0000,0x0000000156b00000)
 ParOldGen       total 55424K, used 14406K [0x0000000115310000, 0x0000000118930000, 0x000000014b5c0000)
  object space 55424K, 25% used [0x0000000115310000,0x0000000116121808,0x0000000118930000)
 PSPermGen       total 21248K, used 18532K [0x0000000110110000, 0x00000001115d0000, 0x0000000115310000)
  object space 21248K, 87% used [0x0000000110110000,0x00000001113290b8,0x00000001115d0000)
Event: 3.837 GC heap after
Heap after GC invocations=8 (full 0):
 PSYoungGen      total 175808K, used 7187K [0x000000014b5c0000, 0x0000000156b60000, 0x0000000166710000)
  eden space 166208K, 0% used [0x000000014b5c0000,0x000000014b5c0000,0x0000000155810000)
  from space 9600K, 74% used [0x00000001561a0000,0x00000001568a4fb0,0x0000000156b00000)
  to   space 9792K, 0% used [0x0000000155810000,0x0000000155810000,0x00000001561a0000)
 ParOldGen       total 55424K, used 15150K [0x0000000115310000, 0x0000000118930000, 0x000000014b5c0000)
  object space 55424K, 27% used [0x0000000115310000,0x00000001161db808,0x0000000118930000)
 PSPermGen       total 21248K, used 18532K [0x0000000110110000, 0x00000001115d0000, 0x0000000115310000)
  object space 21248K, 87% used [0x0000000110110000,0x00000001113290b8,0x00000001115d0000)
}
Event: 5.389 GC heap before
{Heap before GC invocations=9 (full 0):
 PSYoungGen      total 175808K, used 173395K [0x000000014b5c0000, 0x0000000156b60000, 0x0000000166710000)
  eden space 166208K, 100% used [0x000000014b5c0000,0x0000000155810000,0x0000000155810000)
  from space 9600K, 74% used [0x00000001561a0000,0x00000001568a4fb0,0x0000000156b00000)
  to   space 9792K, 0% used [0x0000000155810000,0x0000000155810000,0x00000001561a0000)
 ParOldGen       total 55424K, used 15150K [0x0000000115310000, 0x0000000118930000, 0x000000014b5c0000)
  object space 55424K, 27% used [0x0000000115310000,0x00000001161db808,0x0000000118930000)
 PSPermGen       total 29888K, used 29702K [0x0000000110110000, 0x0000000111e40000, 0x0000000115310000)
  object space 29888K, 99% used [0x0000000110110000,0x0000000111e11be8,0x0000000111e40000)
Event: 5.406 GC heap after
Heap after GC invocations=9 (full 0):
 PSYoungGen      total 176000K, used 9776K [0x000000014b5c0000, 0x000000015d240000, 0x0000000166710000)
  eden space 166208K, 0% used [0x000000014b5c0000,0x000000014b5c0000,0x0000000155810000)
  from space 9792K, 99% used [0x0000000155810000,0x000000015619c250,0x00000001561a0000)
  to   space 12672K, 0% used [0x000000015c5e0000,0x000000015c5e0000,0x000000015d240000)
 ParOldGen       total 55424K, used 19567K [0x0000000115310000, 0x0000000118930000, 0x000000014b5c0000)
  object space 55424K, 35% used [0x0000000115310000,0x000000011662bd78,0x0000000118930000)
 PSPermGen       total 29888K, used 29702K [0x0000000110110000, 0x0000000111e40000, 0x0000000115310000)
  object space 29888K, 99% used [0x0000000110110000,0x0000000111e11be8,0x0000000111e40000)
}
Event: 6.149 GC heap before
{Heap before GC invocations=10 (full 0):
 PSYoungGen      total 176000K, used 175984K [0x000000014b5c0000, 0x000000015d240000, 0x0000000166710000)
  eden space 166208K, 100% used [0x000000014b5c0000,0x0000000155810000,0x0000000155810000)
  from space 9792K, 99% used [0x0000000155810000,0x000000015619c250,0x00000001561a0000)
  to   space 12672K, 0% used [0x000000015c5e0000,0x000000015c5e0000,0x000000015d240000)
 ParOldGen       total 55424K, used 19567K [0x0000000115310000, 0x0000000118930000, 0x000000014b5c0000)
  object space 55424K, 35% used [0x0000000115310000,0x000000011662bd78,0x0000000118930000)
 PSPermGen       total 32384K, used 32327K [0x0000000110110000, 0x00000001120b0000, 0x0000000115310000)
  object space 32384K, 99% used [0x0000000110110000,0x00000001120a1de8,0x00000001120b0000)
Event: 6.168 GC heap after
Heap after GC invocations=10 (full 0):
 PSYoungGen      total 275328K, used 12649K [0x000000014b5c0000, 0x000000015d8c0000, 0x0000000166710000)
  eden space 262656K, 0% used [0x000000014b5c0000,0x000000014b5c0000,0x000000015b640000)
  from space 12672K, 99% used [0x000000015c5e0000,0x000000015d23a7a0,0x000000015d240000)
  to   space 16000K, 0% used [0x000000015b640000,0x000000015b640000,0x000000015c5e0000)
 ParOldGen       total 55424K, used 24402K [0x0000000115310000, 0x0000000118930000, 0x000000014b5c0000)
  object space 55424K, 44% used [0x0000000115310000,0x0000000116ae4aa8,0x0000000118930000)
 PSPermGen       total 32384K, used 32327K [0x0000000110110000, 0x00000001120b0000, 0x0000000115310000)
  object space 32384K, 99% used [0x0000000110110000,0x00000001120a1de8,0x00000001120b0000)
}
Event: 8.246 GC heap before
{Heap before GC invocations=11 (full 0):
 PSYoungGen      total 275328K, used 275305K [0x000000014b5c0000, 0x000000015d8c0000, 0x0000000166710000)
  eden space 262656K, 100% used [0x000000014b5c0000,0x000000015b640000,0x000000015b640000)
  from space 12672K, 99% used [0x000000015c5e0000,0x000000015d23a7a0,0x000000015d240000)
  to   space 16000K, 0% used [0x000000015b640000,0x000000015b640000,0x000000015c5e0000)
 ParOldGen       total 55424K, used 24402K [0x0000000115310000, 0x0000000118930000, 0x000000014b5c0000)
  object space 55424K, 44% used [0x0000000115310000,0x0000000116ae4aa8,0x0000000118930000)
 PSPermGen       total 54464K, used 54343K [0x0000000110110000, 0x0000000113640000, 0x0000000115310000)
  object space 54464K, 99% used [0x0000000110110000,0x0000000113621d40,0x0000000113640000)
Event: 8.274 GC heap after
Heap after GC invocations=11 (full 0):
 PSYoungGen      total 278656K, used 15471K [0x000000014b5c0000, 0x0000000166710000, 0x0000000166710000)
  eden space 262656K, 0% used [0x000000014b5c0000,0x000000014b5c0000,0x000000015b640000)
  from space 16000K, 96% used [0x000000015b640000,0x000000015c55bd48,0x000000015c5e0000)
  to   space 17984K, 0% used [0x0000000165580000,0x0000000165580000,0x0000000166710000)
 ParOldGen       total 55424K, used 36854K [0x0000000115310000, 0x0000000118930000, 0x000000014b5c0000)
  object space 55424K, 66% used [0x0000000115310000,0x000000011770d878,0x0000000118930000)
 PSPermGen       total 54464K, used 54343K [0x0000000110110000, 0x0000000113640000, 0x0000000115310000)
  object space 54464K, 99% used [0x0000000110110000,0x0000000113621d40,0x0000000113640000)
}

